2021-01-11 18:48:47,075 [INFO] from controllers.jpro in application-akka.actor.default-dispatcher-9 - uri           /app/2124984689!default
2021-01-11 18:48:47,102 [INFO] from com.jpro.internal.server.ViewSerializerActor in JavaFX Application Thread - appdef: AppByID(2124984689,Some(AppByMain(default,sample.Main,None,NamedClassLoader(system),false))) clientinfo: ClientInfo(http://localhost:8080/,http://localhost:8080/app/default,1496.0,754.0,false,en-US,List(en-US, en),,Map(Webstorm-91a5c09 -> 8725eb96-f9b8-42ab-bfda-39f985199439, Phpstorm-1349f765 -> a06e5e8a-0dec-4479-b8e3-9be386be9261),Map(Host -> List(localhost:8080), Cookie -> List(Webstorm-91a5c09=8725eb96-f9b8-42ab-bfda-39f985199439; Phpstorm-1349f765=a06e5e8a-0dec-4479-b8e3-9be386be9261), Origin -> List(http://localhost:8080), Pragma -> List(no-cache), Upgrade -> List(websocket), Connection -> List(Upgrade), User-Agent -> List(Mozilla/5.0 (Windows NT 10.0; Win64; x64) AppleWebKit/537.36 (KHTML, like Gecko) Chrome/87.0.4280.88 Safari/537.36 OPR/73.0.3856.329), Cache-Control -> List(no-cache), Remote-Address -> List(0:0:0:0:0:0:0:1:50580), Timeout-Access -> List(<function1>), Accept-Encoding -> List(gzip, deflate, br), Accept-Language -> List(en-US,en;q=0.9), Raw-Request-URI -> List(/app/2124984689!default), Tls-Session-Info -> List(Session(1610383601597|SSL_NULL_WITH_NULL_NULL)), Sec-WebSocket-Key -> List(ScHLgIpRAns9WPHadzTN+A==), UpgradeToWebSocket -> List(), Sec-WebSocket-Version -> List(13), Sec-WebSocket-Extensions -> List(permessage-deflate; client_max_window_bits)))out: Actor[akka://application/system/Materializers/StreamSupervisor-0/$$m-actorRefSource#169501169]
2021-01-11 18:48:47,580 [INFO] from com.jpro.JS in JavaFX Application Thread - received msg: new MainID: 4846 userid: 1370974891
2021-01-11 18:48:47,716 [INFO] from controllers.jpro in application-akka.actor.default-dispatcher-9 - application requested: 1686367442!default
2021-01-11 18:48:47,716 [INFO] from controllers.jpro in application-akka.actor.default-dispatcher-9 - Creating Application: 1686367442!default
2021-01-11 18:48:47,717 [INFO] from controllers.jpro in application-akka.actor.default-dispatcher-9 - remoteAddress 0:0:0:0:0:0:0:1
2021-01-11 18:48:47,717 [INFO] from controllers.jpro in application-akka.actor.default-dispatcher-9 - host          localhost:8080
2021-01-11 18:48:47,717 [INFO] from controllers.jpro in application-akka.actor.default-dispatcher-9 - uri           /app/1686367442!default
2021-01-11 18:48:47,728 [INFO] from com.jpro.internal.stats.ViewInfo$ in JavaFX Application Thread - 
2021-01-11 18:48:47,729 [INFO] from com.jpro.internal.stats.ViewInfo$ in JavaFX Application Thread - Application closed:
2021-01-11 18:48:47,732 [INFO] from com.jpro.internal.stats.ViewInfo$ in JavaFX Application Thread - startTime      : Mon Jan 11 18:48:47 EET 2021      
2021-01-11 18:48:47,732 [INFO] from com.jpro.internal.stats.ViewInfo$ in JavaFX Application Thread - averageLatency : 00:00:00.013 
2021-01-11 18:48:47,732 [INFO] from com.jpro.internal.stats.ViewInfo$ in JavaFX Application Thread - averageJitter  : 00:00:00.020  
2021-01-11 18:48:47,734 [INFO] from com.jpro.internal.stats.ViewInfo$ in JavaFX Application Thread - framerateServer: 00:00:00.000
2021-01-11 18:48:47,735 [INFO] from com.jpro.internal.stats.ViewInfo$ in JavaFX Application Thread - framerateClient: 00:00:00.000
2021-01-11 18:48:47,735 [INFO] from com.jpro.internal.stats.ViewInfo$ in JavaFX Application Thread - raw            : 153659
2021-01-11 18:48:47,735 [INFO] from com.jpro.internal.stats.ViewInfo$ in JavaFX Application Thread - zipped         : 17569
2021-01-11 18:48:47,735 [INFO] from com.jpro.internal.stats.ViewInfo$ in JavaFX Application Thread - 
2021-01-11 18:48:47,793 [INFO] from com.jpro.internal.server.ViewSerializerActor in JavaFX Application Thread - appdef: AppByID(1686367442,Some(AppByMain(default,sample.Main,None,NamedClassLoader(system),false))) clientinfo: ClientInfo(http://localhost:8080/,http://localhost:8080/app/default,1496.0,754.0,false,en-US,List(en-US, en),,Map(Webstorm-91a5c09 -> 8725eb96-f9b8-42ab-bfda-39f985199439, Phpstorm-1349f765 -> a06e5e8a-0dec-4479-b8e3-9be386be9261),Map(Host -> List(localhost:8080), Cookie -> List(Webstorm-91a5c09=8725eb96-f9b8-42ab-bfda-39f985199439; Phpstorm-1349f765=a06e5e8a-0dec-4479-b8e3-9be386be9261), Origin -> List(http://localhost:8080), Pragma -> List(no-cache), Upgrade -> List(websocket), Connection -> List(Upgrade), User-Agent -> List(Mozilla/5.0 (Windows NT 10.0; Win64; x64) AppleWebKit/537.36 (KHTML, like Gecko) Chrome/87.0.4280.88 Safari/537.36 OPR/73.0.3856.329), Cache-Control -> List(no-cache), Remote-Address -> List(0:0:0:0:0:0:0:1:50582), Timeout-Access -> List(<function1>), Accept-Encoding -> List(gzip, deflate, br), Accept-Language -> List(en-US,en;q=0.9), Raw-Request-URI -> List(/app/1686367442!default), Tls-Session-Info -> List(Session(1610383601597|SSL_NULL_WITH_NULL_NULL)), Sec-WebSocket-Key -> List(CtsFvBlIN4Z4stakdENqNA==), UpgradeToWebSocket -> List(), Sec-WebSocket-Version -> List(13), Sec-WebSocket-Extensions -> List(permessage-deflate; client_max_window_bits)))out: Actor[akka://application/system/Materializers/StreamSupervisor-0/$$p-actorRefSource#-1436198817]
2021-01-11 18:48:48,108 [INFO] from com.jpro.JS in JavaFX Application Thread - received msg: new MainID: 4846 userid: 375512492
2021-01-11 18:48:48,294 [INFO] from com.jpro.internal.stats.ViewInfo$ in JavaFX Application Thread - 
2021-01-11 18:48:48,294 [INFO] from com.jpro.internal.stats.ViewInfo$ in JavaFX Application Thread - Application closed:
2021-01-11 18:48:48,295 [INFO] from com.jpro.internal.stats.ViewInfo$ in JavaFX Application Thread - startTime      : Mon Jan 11 18:48:48 EET 2021      
2021-01-11 18:48:48,295 [INFO] from com.jpro.internal.stats.ViewInfo$ in JavaFX Application Thread - averageLatency : 00:00:00.000 
2021-01-11 18:48:48,295 [INFO] from com.jpro.internal.stats.ViewInfo$ in JavaFX Application Thread - averageJitter  : 00:00:00.000  
2021-01-11 18:48:48,295 [INFO] from com.jpro.internal.stats.ViewInfo$ in JavaFX Application Thread - framerateServer: 00:00:00.000
2021-01-11 18:48:48,295 [INFO] from com.jpro.internal.stats.ViewInfo$ in JavaFX Application Thread - framerateClient: 00:00:00.000
2021-01-11 18:48:48,295 [INFO] from com.jpro.internal.stats.ViewInfo$ in JavaFX Application Thread - raw            : 153659
2021-01-11 18:48:48,295 [INFO] from com.jpro.internal.stats.ViewInfo$ in JavaFX Application Thread - zipped         : 17541
2021-01-11 18:48:48,295 [INFO] from com.jpro.internal.stats.ViewInfo$ in JavaFX Application Thread - 
2021-01-11 18:48:48,303 [INFO] from controllers.jpro in application-akka.actor.default-dispatcher-10 - application requested: 1579222468!default
2021-01-11 18:48:48,303 [INFO] from controllers.jpro in application-akka.actor.default-dispatcher-10 - Creating Application: 1579222468!default
2021-01-11 18:48:48,304 [INFO] from controllers.jpro in application-akka.actor.default-dispatcher-10 - remoteAddress 0:0:0:0:0:0:0:1
2021-01-11 18:48:48,304 [INFO] from controllers.jpro in application-akka.actor.default-dispatcher-10 - host          localhost:8080
2021-01-11 18:48:48,304 [INFO] from controllers.jpro in application-akka.actor.default-dispatcher-10 - uri           /app/1579222468!default
2021-01-11 18:48:48,334 [INFO] from com.jpro.internal.server.ViewSerializerActor in JavaFX Application Thread - appdef: AppByID(1579222468,Some(AppByMain(default,sample.Main,None,NamedClassLoader(system),false))) clientinfo: ClientInfo(http://localhost:8080/,http://localhost:8080/app/default,1496.0,754.0,false,en-US,List(en-US, en),,Map(Webstorm-91a5c09 -> 8725eb96-f9b8-42ab-bfda-39f985199439, Phpstorm-1349f765 -> a06e5e8a-0dec-4479-b8e3-9be386be9261),Map(Host -> List(localhost:8080), Cookie -> List(Webstorm-91a5c09=8725eb96-f9b8-42ab-bfda-39f985199439; Phpstorm-1349f765=a06e5e8a-0dec-4479-b8e3-9be386be9261), Origin -> List(http://localhost:8080), Pragma -> List(no-cache), Upgrade -> List(websocket), Connection -> List(Upgrade), User-Agent -> List(Mozilla/5.0 (Windows NT 10.0; Win64; x64) AppleWebKit/537.36 (KHTML, like Gecko) Chrome/87.0.4280.88 Safari/537.36 OPR/73.0.3856.329), Cache-Control -> List(no-cache), Remote-Address -> List(0:0:0:0:0:0:0:1:50584), Timeout-Access -> List(<function1>), Accept-Encoding -> List(gzip, deflate, br), Accept-Language -> List(en-US,en;q=0.9), Raw-Request-URI -> List(/app/1579222468!default), Tls-Session-Info -> List(Session(1610383601597|SSL_NULL_WITH_NULL_NULL)), Sec-WebSocket-Key -> List(e6+D5+7PApRdhTglpEzDxA==), UpgradeToWebSocket -> List(), Sec-WebSocket-Version -> List(13), Sec-WebSocket-Extensions -> List(permessage-deflate; client_max_window_bits)))out: Actor[akka://application/system/Materializers/StreamSupervisor-0/$$t-actorRefSource#1600432634]
2021-01-11 18:48:48,604 [INFO] from com.jpro.JS in JavaFX Application Thread - received msg: new MainID: 4846 userid: 310459257
2021-01-11 18:48:48,786 [INFO] from com.jpro.internal.stats.ViewInfo$ in JavaFX Application Thread - 
2021-01-11 18:48:48,786 [INFO] from com.jpro.internal.stats.ViewInfo$ in JavaFX Application Thread - Application closed:
2021-01-11 18:48:48,786 [INFO] from com.jpro.internal.stats.ViewInfo$ in JavaFX Application Thread - startTime      : Mon Jan 11 18:48:48 EET 2021      
2021-01-11 18:48:48,786 [INFO] from com.jpro.internal.stats.ViewInfo$ in JavaFX Application Thread - averageLatency : 00:00:00.008 
2021-01-11 18:48:48,786 [INFO] from com.jpro.internal.stats.ViewInfo$ in JavaFX Application Thread - averageJitter  : 00:00:00.012  
2021-01-11 18:48:48,787 [INFO] from com.jpro.internal.stats.ViewInfo$ in JavaFX Application Thread - framerateServer: 00:00:00.000
2021-01-11 18:48:48,787 [INFO] from com.jpro.internal.stats.ViewInfo$ in JavaFX Application Thread - framerateClient: 00:00:00.000
2021-01-11 18:48:48,787 [INFO] from com.jpro.internal.stats.ViewInfo$ in JavaFX Application Thread - raw            : 153659
2021-01-11 18:48:48,787 [INFO] from com.jpro.internal.stats.ViewInfo$ in JavaFX Application Thread - zipped         : 17540
2021-01-11 18:48:48,787 [INFO] from com.jpro.internal.stats.ViewInfo$ in JavaFX Application Thread - 
2021-01-11 18:48:52,908 [INFO] from com.jpro.internal.communicator.InstanceImpl in JavaFX Application Thread - closing window!
2021-01-11 18:48:53,437 [INFO] from com.jpro.internal.communicator.InstanceImpl in JavaFX Application Thread - closing window!
2021-01-11 18:48:53,918 [INFO] from com.jpro.internal.communicator.InstanceImpl in JavaFX Application Thread - closing window!
2021-01-11 19:02:29,985 [INFO] from akka.event.slf4j.Slf4jLogger in application-akka.actor.default-dispatcher-6 - Slf4jLogger started
2021-01-11 19:02:30,488 [INFO] from play.api.Play in Thread-0 - Application started (Prod) (no global state)
2021-01-11 19:02:30,928 [INFO] from play.core.server.AkkaHttpServer in Thread-0 - Enabling HTTP/2 on Akka HTTP server...
2021-01-11 19:02:30,929 [INFO] from play.core.server.AkkaHttpServer in Thread-0 - Listening for HTTP on /[0:0:0:0:0:0:0:0]:8080
2021-01-11 19:02:31,238 [INFO] from com.jpro.activity in application-akka.actor.default-dispatcher-9 - Starting the server
2021-01-11 19:02:31,239 [INFO] from com.jpro.internal.server.Initializer$ in application-akka.actor.default-dispatcher-9 -  *** Starting JPro: https://www.jpro.one/ ***
2021-01-11 19:02:31,239 [INFO] from com.jpro.internal.server.Initializer$ in application-akka.actor.default-dispatcher-9 - OS: Windows 10
2021-01-11 19:02:31,246 [INFO] from com.jpro.internal.server.Initializer$ in application-akka.actor.default-dispatcher-9 - JPro: 2020.1.1
2021-01-11 19:02:31,246 [INFO] from com.jpro.internal.server.Initializer$ in application-akka.actor.default-dispatcher-9 - Java version: 15
2021-01-11 19:02:31,246 [INFO] from com.jpro.internal.server.Initializer$ in application-akka.actor.default-dispatcher-9 - JVM: 15 Oracle Corporation
2021-01-11 19:02:31,259 [INFO] from com.jpro.internal.server.Initializer$ in application-akka.actor.default-dispatcher-9 - redirected OUT / ERR
2021-01-11 19:02:31,259 [INFO] from com.jpro.internal.server.Initializer$ in application-akka.actor.default-dispatcher-9 - installed SLF4JBridge
2021-01-11 19:02:31,276 [INFO] from com.jpro.internal.server.MonocleInitializer$ in application-akka.actor.default-dispatcher-9 - screen: null
2021-01-11 19:02:31,761 [INFO] from com.jpro.internal.server.Initializer$ in application-akka.actor.default-dispatcher-9 - finished init!
2021-01-11 19:02:31,761 [INFO] from com.jpro.internal.server.Initializer$ in JavaFX Application Thread - JavaFX version: 15.0.0.2-jpro+0-2020-09-30-150835
2021-01-11 19:02:31,905 [INFO] from com.jpro.internal.chart.model.ChartJSONImExporter in JavaFX Application Thread - Imported chart data Mon Jan 11 19:02:31 EET 2021
2021-01-11 19:02:31,908 [INFO] from com.jpro.internal.chart.model.DynamicDataModel in JavaFX Application Thread - Started Monitoring chart data...
2021-01-11 19:02:32,608 [INFO] from controllers.jpro in application-akka.actor.default-dispatcher-8 - application requested: 0!default
2021-01-11 19:02:32,620 [INFO] from controllers.jpro in application-akka.actor.default-dispatcher-8 - Creating Application: 0!default
2021-01-11 19:02:32,624 [INFO] from controllers.jpro in application-akka.actor.default-dispatcher-8 - remoteAddress 0:0:0:0:0:0:0:1
2021-01-11 19:02:32,624 [INFO] from controllers.jpro in application-akka.actor.default-dispatcher-8 - host          localhost:8080
2021-01-11 19:02:32,624 [INFO] from controllers.jpro in application-akka.actor.default-dispatcher-8 - uri           /app/0!default
2021-01-11 19:02:32,908 [INFO] from com.jpro.internal.server.ViewSerializerActor in JavaFX Application Thread - appdef: AppByMain(default,sample.Main,None,NamedClassLoader(system),false) clientinfo: ClientInfo(http://localhost:8080/,http://localhost:8080/app/default,727.0,743.0,false,en-US,List(en-US, en),,Map(Webstorm-91a5c09 -> 8725eb96-f9b8-42ab-bfda-39f985199439, Phpstorm-1349f765 -> a06e5e8a-0dec-4479-b8e3-9be386be9261),Map(Host -> List(localhost:8080), Cookie -> List(Webstorm-91a5c09=8725eb96-f9b8-42ab-bfda-39f985199439; Phpstorm-1349f765=a06e5e8a-0dec-4479-b8e3-9be386be9261), Origin -> List(http://localhost:8080), Pragma -> List(no-cache), Upgrade -> List(websocket), Connection -> List(Upgrade), User-Agent -> List(Mozilla/5.0 (Windows NT 10.0; Win64; x64) AppleWebKit/537.36 (KHTML, like Gecko) Chrome/87.0.4280.88 Safari/537.36 OPR/73.0.3856.329), Cache-Control -> List(no-cache), Remote-Address -> List(0:0:0:0:0:0:0:1:50690), Timeout-Access -> List(<function1>), Accept-Encoding -> List(gzip, deflate, br), Accept-Language -> List(en-US,en;q=0.9), Raw-Request-URI -> List(/app/0!default), Tls-Session-Info -> List(Session(1610384551121|SSL_NULL_WITH_NULL_NULL)), Sec-WebSocket-Key -> List(JnZIB3S9bWkuIwefcQkXsA==), UpgradeToWebSocket -> List(), Sec-WebSocket-Version -> List(13), Sec-WebSocket-Extensions -> List(permessage-deflate; client_max_window_bits)))out: Actor[akka://application/system/Materializers/StreamSupervisor-0/$$f-actorRefSource#-1883173196]
2021-01-11 19:02:34,459 [INFO] from com.jpro.JS in JavaFX Application Thread - received msg: new MainID: 4846 userid: 1506938571
2021-01-11 19:02:35,914 [INFO] from com.jpro.JS in JavaFX Application Thread - received msg: new MainID: 5979 userid: 1506938571
2021-01-11 19:02:40,876 [WARN] from com.jpro.meta.tk.SceneInputListener in JavaFX Application Thread - Unknown Keycode: 190
2021-01-11 19:02:41,067 [WARN] from com.jpro.meta.tk.SceneInputListener in JavaFX Application Thread - Unknown Keycode: 190
2021-01-11 19:02:42,666 [INFO] from com.jpro.JS in JavaFX Application Thread - received msg: new MainID: 6288 userid: 1506938571
2021-01-11 19:02:43,739 [INFO] from com.jpro.JS in JavaFX Application Thread - received msg: new MainID: 7105 userid: 1506938571
2021-01-11 19:02:48,459 [INFO] from com.jpro.meta.stream.Util$ in JavaFX Application Thread - 
2021-01-11 19:02:48,504 [WARN] from controllers.jpro in application-akka.actor.default-dispatcher-8 - resource not available: java.io.FileNotFoundException: C:\Users\Denisa\IdeaProjects\DatabaseProject\DBproject\target\classes\assets\PinClipart.com_blood-spatter-clip-art_3185194.png (The system cannot find the file specified)
2021-01-11 19:02:48,507 [INFO] from com.jpro.JS in JavaFX Application Thread - received msg: new MainID: 10282 userid: 1506938571
2021-01-11 19:03:26,573 [INFO] from com.jpro.meta.stream.Util$ in JavaFX Application Thread - 1/14/2021
2021-01-11 19:04:02,106 [INFO] from com.jpro.JS in JavaFX Application Thread - received msg: new MainID: 15134 userid: 1506938571
2021-01-11 19:04:05,771 [INFO] from com.jpro.meta.stream.Util$ in JavaFX Application Thread - 
2021-01-11 19:04:05,787 [INFO] from com.jpro.JS in JavaFX Application Thread - received msg: new MainID: 18249 userid: 1506938571
2021-01-11 19:04:05,789 [WARN] from controllers.jpro in application-akka.actor.default-dispatcher-9 - resource not available: java.io.FileNotFoundException: C:\Users\Denisa\IdeaProjects\DatabaseProject\DBproject\target\classes\assets\PinClipart.com_blood-spatter-clip-art_3185194.png (The system cannot find the file specified)
2021-01-11 19:09:55,614 [INFO] from akka.event.slf4j.Slf4jLogger in application-akka.actor.default-dispatcher-7 - Slf4jLogger started
2021-01-11 19:09:56,128 [INFO] from play.api.Play in Thread-0 - Application started (Prod) (no global state)
2021-01-11 19:09:56,558 [INFO] from play.core.server.AkkaHttpServer in Thread-0 - Enabling HTTP/2 on Akka HTTP server...
2021-01-11 19:09:56,559 [INFO] from play.core.server.AkkaHttpServer in Thread-0 - Listening for HTTP on /[0:0:0:0:0:0:0:0]:8080
2021-01-11 19:09:56,999 [INFO] from com.jpro.activity in application-akka.actor.default-dispatcher-7 - Starting the server
2021-01-11 19:09:56,999 [INFO] from com.jpro.internal.server.Initializer$ in application-akka.actor.default-dispatcher-7 -  *** Starting JPro: https://www.jpro.one/ ***
2021-01-11 19:09:56,999 [INFO] from com.jpro.internal.server.Initializer$ in application-akka.actor.default-dispatcher-7 - OS: Windows 10
2021-01-11 19:09:57,006 [INFO] from com.jpro.internal.server.Initializer$ in application-akka.actor.default-dispatcher-7 - JPro: 2020.1.1
2021-01-11 19:09:57,006 [INFO] from com.jpro.internal.server.Initializer$ in application-akka.actor.default-dispatcher-7 - Java version: 15
2021-01-11 19:09:57,006 [INFO] from com.jpro.internal.server.Initializer$ in application-akka.actor.default-dispatcher-7 - JVM: 15 Oracle Corporation
2021-01-11 19:09:57,019 [INFO] from com.jpro.internal.server.Initializer$ in application-akka.actor.default-dispatcher-7 - redirected OUT / ERR
2021-01-11 19:09:57,019 [INFO] from com.jpro.internal.server.Initializer$ in application-akka.actor.default-dispatcher-7 - installed SLF4JBridge
2021-01-11 19:09:57,034 [INFO] from com.jpro.internal.server.MonocleInitializer$ in application-akka.actor.default-dispatcher-7 - screen: null
2021-01-11 19:09:57,550 [INFO] from com.jpro.internal.server.Initializer$ in application-akka.actor.default-dispatcher-7 - finished init!
2021-01-11 19:09:57,551 [INFO] from com.jpro.internal.server.Initializer$ in JavaFX Application Thread - JavaFX version: 15.0.0.2-jpro+0-2020-09-30-150835
2021-01-11 19:09:57,703 [INFO] from com.jpro.internal.chart.model.ChartJSONImExporter in JavaFX Application Thread - Imported chart data Mon Jan 11 19:09:57 EET 2021
2021-01-11 19:09:57,706 [INFO] from com.jpro.internal.chart.model.DynamicDataModel in JavaFX Application Thread - Started Monitoring chart data...
2021-01-11 19:09:58,384 [INFO] from controllers.jpro in application-akka.actor.default-dispatcher-13 - application requested: 0!default
2021-01-11 19:09:58,392 [INFO] from controllers.jpro in application-akka.actor.default-dispatcher-13 - Creating Application: 0!default
2021-01-11 19:09:58,397 [INFO] from controllers.jpro in application-akka.actor.default-dispatcher-13 - remoteAddress 0:0:0:0:0:0:0:1
2021-01-11 19:09:58,397 [INFO] from controllers.jpro in application-akka.actor.default-dispatcher-13 - host          localhost:8080
2021-01-11 19:09:58,397 [INFO] from controllers.jpro in application-akka.actor.default-dispatcher-13 - uri           /app/0!default
2021-01-11 19:09:58,676 [INFO] from com.jpro.internal.server.ViewSerializerActor in JavaFX Application Thread - appdef: AppByMain(default,sample.Main,None,NamedClassLoader(system),false) clientinfo: ClientInfo(http://localhost:8080/,http://localhost:8080/app/default,1496.0,754.0,false,en-US,List(en-US, en),,Map(Webstorm-91a5c09 -> 8725eb96-f9b8-42ab-bfda-39f985199439, Phpstorm-1349f765 -> a06e5e8a-0dec-4479-b8e3-9be386be9261),Map(Host -> List(localhost:8080), Cookie -> List(Webstorm-91a5c09=8725eb96-f9b8-42ab-bfda-39f985199439; Phpstorm-1349f765=a06e5e8a-0dec-4479-b8e3-9be386be9261), Origin -> List(http://localhost:8080), Pragma -> List(no-cache), Upgrade -> List(websocket), Connection -> List(Upgrade), User-Agent -> List(Mozilla/5.0 (Windows NT 10.0; Win64; x64) AppleWebKit/537.36 (KHTML, like Gecko) Chrome/87.0.4280.88 Safari/537.36 OPR/73.0.3856.329), Cache-Control -> List(no-cache), Remote-Address -> List(0:0:0:0:0:0:0:1:50746), Timeout-Access -> List(<function1>), Accept-Encoding -> List(gzip, deflate, br), Accept-Language -> List(en-US,en;q=0.9), Raw-Request-URI -> List(/app/0!default), Tls-Session-Info -> List(Session(1610384996878|SSL_NULL_WITH_NULL_NULL)), Sec-WebSocket-Key -> List(EMiTZpbyXF0pCElqwhVQwg==), UpgradeToWebSocket -> List(), Sec-WebSocket-Version -> List(13), Sec-WebSocket-Extensions -> List(permessage-deflate; client_max_window_bits)))out: Actor[akka://application/system/Materializers/StreamSupervisor-0/$$f-actorRefSource#-1786840904]
2021-01-11 19:10:00,112 [INFO] from com.jpro.JS in JavaFX Application Thread - received msg: new MainID: 4846 userid: 205690994
2021-01-11 19:10:01,567 [INFO] from com.jpro.JS in JavaFX Application Thread - received msg: new MainID: 5979 userid: 205690994
2021-01-11 19:10:06,432 [WARN] from com.jpro.meta.tk.SceneInputListener in JavaFX Application Thread - Unknown Keycode: 190
2021-01-11 19:10:06,559 [WARN] from com.jpro.meta.tk.SceneInputListener in JavaFX Application Thread - Unknown Keycode: 190
2021-01-11 19:10:08,559 [INFO] from com.jpro.JS in JavaFX Application Thread - received msg: new MainID: 6292 userid: 205690994
2021-01-11 19:10:14,831 [INFO] from com.jpro.JS in JavaFX Application Thread - received msg: new MainID: 7109 userid: 205690994
2021-01-11 19:10:18,239 [INFO] from com.jpro.JS in JavaFX Application Thread - received msg: new MainID: 10286 userid: 205690994
2021-01-11 19:10:18,240 [INFO] from com.jpro.meta.stream.Util$ in JavaFX Application Thread - 
2021-01-11 19:10:18,253 [WARN] from controllers.jpro in application-akka.actor.default-dispatcher-16 - resource not available: java.io.FileNotFoundException: C:\Users\Denisa\IdeaProjects\DatabaseProject\DBproject\target\classes\assets\PinClipart.com_blood-spatter-clip-art_3185194.png (The system cannot find the file specified)
2021-01-11 19:10:27,168 [INFO] from com.jpro.JS in JavaFX Application Thread - received msg: new MainID: 16679 userid: 205690994
2021-01-11 19:10:27,178 [WARN] from controllers.jpro in application-akka.actor.default-dispatcher-10 - resource not available: java.io.FileNotFoundException: C:\Users\Denisa\IdeaProjects\DatabaseProject\DBproject\target\classes\assets\transfuzii_icon.png (The system cannot find the file specified)
2021-01-11 19:10:27,178 [WARN] from controllers.jpro in application-akka.actor.default-dispatcher-8 - resource not available: java.io.FileNotFoundException: C:\Users\Denisa\IdeaProjects\DatabaseProject\DBproject\target\classes\assets\PinClipart.com_blood-spatter-clip-art_3185194.png (The system cannot find the file specified)
2021-01-11 19:10:27,183 [WARN] from controllers.jpro in application-akka.actor.default-dispatcher-8 - resource not available: java.io.FileNotFoundException: C:\Users\Denisa\IdeaProjects\DatabaseProject\DBproject\target\classes\assets\transfuzii2_icon.png (The system cannot find the file specified)
2021-01-11 19:10:27,183 [WARN] from controllers.jpro in application-akka.actor.default-dispatcher-16 - resource not available: java.io.FileNotFoundException: C:\Users\Denisa\IdeaProjects\DatabaseProject\DBproject\target\classes\assets\transfuzii3_icon.png (The system cannot find the file specified)
2021-01-11 19:10:53,216 [INFO] from com.jpro.JS in JavaFX Application Thread - received msg: new MainID: 20998 userid: 205690994
2021-01-11 20:08:19,723 [INFO] from akka.event.slf4j.Slf4jLogger in application-akka.actor.default-dispatcher-4 - Slf4jLogger started
2021-01-11 20:08:20,283 [INFO] from play.api.Play in Thread-0 - Application started (Prod) (no global state)
2021-01-11 20:08:20,743 [INFO] from play.core.server.AkkaHttpServer in Thread-0 - Enabling HTTP/2 on Akka HTTP server...
2021-01-11 20:08:20,744 [INFO] from play.core.server.AkkaHttpServer in Thread-0 - Listening for HTTP on /[0:0:0:0:0:0:0:0]:8080
2021-01-11 20:08:21,179 [INFO] from com.jpro.activity in application-akka.actor.default-dispatcher-4 - Starting the server
2021-01-11 20:08:21,179 [INFO] from com.jpro.internal.server.Initializer$ in application-akka.actor.default-dispatcher-4 -  *** Starting JPro: https://www.jpro.one/ ***
2021-01-11 20:08:21,179 [INFO] from com.jpro.internal.server.Initializer$ in application-akka.actor.default-dispatcher-4 - OS: Windows 10
2021-01-11 20:08:21,186 [INFO] from com.jpro.internal.server.Initializer$ in application-akka.actor.default-dispatcher-4 - JPro: 2020.1.1
2021-01-11 20:08:21,186 [INFO] from com.jpro.internal.server.Initializer$ in application-akka.actor.default-dispatcher-4 - Java version: 15
2021-01-11 20:08:21,186 [INFO] from com.jpro.internal.server.Initializer$ in application-akka.actor.default-dispatcher-4 - JVM: 15 Oracle Corporation
2021-01-11 20:08:21,198 [INFO] from com.jpro.internal.server.Initializer$ in application-akka.actor.default-dispatcher-4 - redirected OUT / ERR
2021-01-11 20:08:21,198 [INFO] from com.jpro.internal.server.Initializer$ in application-akka.actor.default-dispatcher-4 - installed SLF4JBridge
2021-01-11 20:08:21,215 [INFO] from com.jpro.internal.server.MonocleInitializer$ in application-akka.actor.default-dispatcher-4 - screen: null
2021-01-11 20:08:21,739 [INFO] from com.jpro.internal.server.Initializer$ in application-akka.actor.default-dispatcher-4 - finished init!
2021-01-11 20:08:21,739 [INFO] from com.jpro.internal.server.Initializer$ in JavaFX Application Thread - JavaFX version: 15.0.0.2-jpro+0-2020-09-30-150835
2021-01-11 20:08:21,883 [INFO] from com.jpro.internal.chart.model.ChartJSONImExporter in JavaFX Application Thread - Imported chart data Mon Jan 11 20:08:21 EET 2021
2021-01-11 20:08:21,885 [INFO] from com.jpro.internal.chart.model.DynamicDataModel in JavaFX Application Thread - Started Monitoring chart data...
2021-01-11 20:08:22,599 [INFO] from controllers.jpro in application-akka.actor.default-dispatcher-6 - application requested: 0!default
2021-01-11 20:08:22,609 [INFO] from controllers.jpro in application-akka.actor.default-dispatcher-6 - Creating Application: 0!default
2021-01-11 20:08:22,611 [INFO] from controllers.jpro in application-akka.actor.default-dispatcher-6 - remoteAddress 0:0:0:0:0:0:0:1
2021-01-11 20:08:22,612 [INFO] from controllers.jpro in application-akka.actor.default-dispatcher-6 - host          localhost:8080
2021-01-11 20:08:22,612 [INFO] from controllers.jpro in application-akka.actor.default-dispatcher-6 - uri           /app/0!default
2021-01-11 20:08:22,889 [INFO] from com.jpro.internal.server.ViewSerializerActor in JavaFX Application Thread - appdef: AppByMain(default,sample.Main,None,NamedClassLoader(system),false) clientinfo: ClientInfo(http://localhost:8080/,http://localhost:8080/app/default,1496.0,754.0,false,en-US,List(en-US, en),,Map(Webstorm-91a5c09 -> 8725eb96-f9b8-42ab-bfda-39f985199439, Phpstorm-1349f765 -> a06e5e8a-0dec-4479-b8e3-9be386be9261),Map(Host -> List(localhost:8080), Cookie -> List(Webstorm-91a5c09=8725eb96-f9b8-42ab-bfda-39f985199439; Phpstorm-1349f765=a06e5e8a-0dec-4479-b8e3-9be386be9261), Origin -> List(http://localhost:8080), Pragma -> List(no-cache), Upgrade -> List(websocket), Connection -> List(Upgrade), User-Agent -> List(Mozilla/5.0 (Windows NT 10.0; Win64; x64) AppleWebKit/537.36 (KHTML, like Gecko) Chrome/87.0.4280.88 Safari/537.36 OPR/73.0.3856.329), Cache-Control -> List(no-cache), Remote-Address -> List(0:0:0:0:0:0:0:1:51457), Timeout-Access -> List(<function1>), Accept-Encoding -> List(gzip, deflate, br), Accept-Language -> List(en-US,en;q=0.9), Raw-Request-URI -> List(/app/0!default), Tls-Session-Info -> List(Session(1610388501058|SSL_NULL_WITH_NULL_NULL)), Sec-WebSocket-Key -> List(0wNdDJ9auNTZILlr1Uuc9g==), UpgradeToWebSocket -> List(), Sec-WebSocket-Version -> List(13), Sec-WebSocket-Extensions -> List(permessage-deflate; client_max_window_bits)))out: Actor[akka://application/system/Materializers/StreamSupervisor-0/$$f-actorRefSource#-2143475219]
2021-01-11 20:08:24,338 [INFO] from com.jpro.JS in JavaFX Application Thread - received msg: new MainID: 4846 userid: 250567401
2021-01-11 20:08:26,034 [INFO] from com.jpro.JS in JavaFX Application Thread - received msg: new MainID: 5979 userid: 250567401
2021-01-11 20:08:31,634 [WARN] from com.jpro.meta.tk.SceneInputListener in JavaFX Application Thread - Unknown Keycode: 190
2021-01-11 20:08:31,746 [WARN] from com.jpro.meta.tk.SceneInputListener in JavaFX Application Thread - Unknown Keycode: 190
2021-01-11 20:08:33,778 [INFO] from com.jpro.JS in JavaFX Application Thread - received msg: new MainID: 6288 userid: 250567401
2021-01-11 20:08:47,858 [INFO] from com.jpro.JS in JavaFX Application Thread - received msg: new MainID: 7105 userid: 250567401
2021-01-11 20:08:55,458 [INFO] from com.jpro.JS in JavaFX Application Thread - received msg: new MainID: 10351 userid: 250567401
2021-01-11 20:08:55,459 [INFO] from com.jpro.meta.stream.Util$ in JavaFX Application Thread - 
2021-01-11 20:09:21,861 [INFO] from com.jpro.meta.stream.Util$ in JavaFX Application Thread - 1/14/2021
2021-01-11 20:09:27,554 [INFO] from com.jpro.JS in JavaFX Application Thread - received msg: new MainID: 16836 userid: 250567401
2021-01-11 20:09:46,178 [INFO] from com.jpro.JS in JavaFX Application Thread - received msg: new MainID: 21155 userid: 250567401
2021-01-11 20:11:16,548 [WARN] from com.jpro.meta.tk.SceneInputListener in JavaFX Application Thread - Unknown Keycode: 190
2021-01-11 20:11:16,642 [WARN] from com.jpro.meta.tk.SceneInputListener in JavaFX Application Thread - Unknown Keycode: 190
2021-01-11 20:11:18,626 [INFO] from com.jpro.JS in JavaFX Application Thread - received msg: new MainID: 21464 userid: 250567401
2021-01-11 20:11:19,730 [INFO] from com.jpro.JS in JavaFX Application Thread - received msg: new MainID: 22281 userid: 250567401
2021-01-11 20:11:23,330 [INFO] from com.jpro.JS in JavaFX Application Thread - received msg: new MainID: 25465 userid: 250567401
2021-01-11 20:11:23,330 [INFO] from com.jpro.meta.stream.Util$ in JavaFX Application Thread - 
2021-01-11 20:12:22,659 [INFO] from com.jpro.meta.stream.Util$ in JavaFX Application Thread - 1/1/2021
2021-01-11 20:12:25,171 [INFO] from com.jpro.JS in JavaFX Application Thread - received msg: new MainID: 30190 userid: 250567401
2021-01-11 20:16:36,423 [INFO] from akka.event.slf4j.Slf4jLogger in application-akka.actor.default-dispatcher-5 - Slf4jLogger started
2021-01-11 20:16:36,941 [INFO] from play.api.Play in Thread-0 - Application started (Prod) (no global state)
2021-01-11 20:16:37,386 [INFO] from play.core.server.AkkaHttpServer in Thread-0 - Enabling HTTP/2 on Akka HTTP server...
2021-01-11 20:16:37,387 [INFO] from play.core.server.AkkaHttpServer in Thread-0 - Listening for HTTP on /[0:0:0:0:0:0:0:0]:8080
2021-01-11 20:16:37,731 [INFO] from com.jpro.activity in application-akka.actor.default-dispatcher-5 - Starting the server
2021-01-11 20:16:37,732 [INFO] from com.jpro.internal.server.Initializer$ in application-akka.actor.default-dispatcher-5 -  *** Starting JPro: https://www.jpro.one/ ***
2021-01-11 20:16:37,732 [INFO] from com.jpro.internal.server.Initializer$ in application-akka.actor.default-dispatcher-5 - OS: Windows 10
2021-01-11 20:16:37,739 [INFO] from com.jpro.internal.server.Initializer$ in application-akka.actor.default-dispatcher-5 - JPro: 2020.1.1
2021-01-11 20:16:37,739 [INFO] from com.jpro.internal.server.Initializer$ in application-akka.actor.default-dispatcher-5 - Java version: 15
2021-01-11 20:16:37,739 [INFO] from com.jpro.internal.server.Initializer$ in application-akka.actor.default-dispatcher-5 - JVM: 15 Oracle Corporation
2021-01-11 20:16:37,750 [INFO] from com.jpro.internal.server.Initializer$ in application-akka.actor.default-dispatcher-5 - redirected OUT / ERR
2021-01-11 20:16:37,750 [INFO] from com.jpro.internal.server.Initializer$ in application-akka.actor.default-dispatcher-5 - installed SLF4JBridge
2021-01-11 20:16:37,767 [INFO] from com.jpro.internal.server.MonocleInitializer$ in application-akka.actor.default-dispatcher-5 - screen: null
2021-01-11 20:16:38,282 [INFO] from com.jpro.internal.server.Initializer$ in application-akka.actor.default-dispatcher-5 - finished init!
2021-01-11 20:16:38,282 [INFO] from com.jpro.internal.server.Initializer$ in JavaFX Application Thread - JavaFX version: 15.0.0.2-jpro+0-2020-09-30-150835
2021-01-11 20:16:38,430 [INFO] from com.jpro.internal.chart.model.ChartJSONImExporter in JavaFX Application Thread - Imported chart data Mon Jan 11 20:16:38 EET 2021
2021-01-11 20:16:38,432 [INFO] from com.jpro.internal.chart.model.DynamicDataModel in JavaFX Application Thread - Started Monitoring chart data...
2021-01-11 20:16:39,106 [INFO] from controllers.jpro in application-akka.actor.default-dispatcher-11 - application requested: 0!default
2021-01-11 20:16:39,117 [INFO] from controllers.jpro in application-akka.actor.default-dispatcher-11 - Creating Application: 0!default
2021-01-11 20:16:39,123 [INFO] from controllers.jpro in application-akka.actor.default-dispatcher-11 - remoteAddress 0:0:0:0:0:0:0:1
2021-01-11 20:16:39,123 [INFO] from controllers.jpro in application-akka.actor.default-dispatcher-11 - host          localhost:8080
2021-01-11 20:16:39,123 [INFO] from controllers.jpro in application-akka.actor.default-dispatcher-11 - uri           /app/0!default
2021-01-11 20:16:39,403 [INFO] from com.jpro.internal.server.ViewSerializerActor in JavaFX Application Thread - appdef: AppByMain(default,sample.Main,None,NamedClassLoader(system),false) clientinfo: ClientInfo(http://localhost:8080/,http://localhost:8080/app/default,1496.0,754.0,false,en-US,List(en-US, en),,Map(Webstorm-91a5c09 -> 8725eb96-f9b8-42ab-bfda-39f985199439, Phpstorm-1349f765 -> a06e5e8a-0dec-4479-b8e3-9be386be9261),Map(Host -> List(localhost:8080), Cookie -> List(Webstorm-91a5c09=8725eb96-f9b8-42ab-bfda-39f985199439; Phpstorm-1349f765=a06e5e8a-0dec-4479-b8e3-9be386be9261), Origin -> List(http://localhost:8080), Pragma -> List(no-cache), Upgrade -> List(websocket), Connection -> List(Upgrade), User-Agent -> List(Mozilla/5.0 (Windows NT 10.0; Win64; x64) AppleWebKit/537.36 (KHTML, like Gecko) Chrome/87.0.4280.88 Safari/537.36 OPR/73.0.3856.329), Cache-Control -> List(no-cache), Remote-Address -> List(0:0:0:0:0:0:0:1:51522), Timeout-Access -> List(<function1>), Accept-Encoding -> List(gzip, deflate, br), Accept-Language -> List(en-US,en;q=0.9), Raw-Request-URI -> List(/app/0!default), Tls-Session-Info -> List(Session(1610388997611|SSL_NULL_WITH_NULL_NULL)), Sec-WebSocket-Key -> List(OMeroPbO9jTO4zTDpe2qmw==), UpgradeToWebSocket -> List(), Sec-WebSocket-Version -> List(13), Sec-WebSocket-Extensions -> List(permessage-deflate; client_max_window_bits)))out: Actor[akka://application/system/Materializers/StreamSupervisor-0/$$f-actorRefSource#1875988128]
2021-01-11 20:16:40,878 [INFO] from com.jpro.JS in JavaFX Application Thread - received msg: new MainID: 4846 userid: 702716745
2021-01-11 20:16:45,934 [INFO] from com.jpro.JS in JavaFX Application Thread - received msg: new MainID: 5979 userid: 702716745
2021-01-11 20:16:49,774 [WARN] from com.jpro.meta.tk.SceneInputListener in JavaFX Application Thread - Unknown Keycode: 190
2021-01-11 20:16:49,870 [WARN] from com.jpro.meta.tk.SceneInputListener in JavaFX Application Thread - Unknown Keycode: 190
2021-01-11 20:16:52,222 [INFO] from com.jpro.JS in JavaFX Application Thread - received msg: new MainID: 6288 userid: 702716745
2021-01-11 20:16:53,839 [INFO] from com.jpro.JS in JavaFX Application Thread - received msg: new MainID: 7172 userid: 702716745
2021-01-11 20:16:57,215 [INFO] from com.jpro.JS in JavaFX Application Thread - received msg: new MainID: 7417 userid: 702716745
2021-01-11 20:16:58,654 [INFO] from com.jpro.JS in JavaFX Application Thread - received msg: new MainID: 10968 userid: 702716745
2021-01-11 20:17:03,870 [INFO] from com.jpro.JS in JavaFX Application Thread - received msg: new MainID: 11207 userid: 702716745
2021-01-11 20:17:06,255 [INFO] from com.jpro.JS in JavaFX Application Thread - received msg: new MainID: 12091 userid: 702716745
2021-01-11 20:17:47,872 [INFO] from akka.event.slf4j.Slf4jLogger in application-akka.actor.default-dispatcher-6 - Slf4jLogger started
2021-01-11 20:17:48,392 [INFO] from play.api.Play in Thread-0 - Application started (Prod) (no global state)
2021-01-11 20:17:48,828 [INFO] from play.core.server.AkkaHttpServer in Thread-0 - Enabling HTTP/2 on Akka HTTP server...
2021-01-11 20:17:48,829 [INFO] from play.core.server.AkkaHttpServer in Thread-0 - Listening for HTTP on /[0:0:0:0:0:0:0:0]:8080
2021-01-11 20:17:49,184 [INFO] from com.jpro.activity in application-akka.actor.default-dispatcher-7 - Starting the server
2021-01-11 20:17:49,184 [INFO] from com.jpro.internal.server.Initializer$ in application-akka.actor.default-dispatcher-7 -  *** Starting JPro: https://www.jpro.one/ ***
2021-01-11 20:17:49,184 [INFO] from com.jpro.internal.server.Initializer$ in application-akka.actor.default-dispatcher-7 - OS: Windows 10
2021-01-11 20:17:49,192 [INFO] from com.jpro.internal.server.Initializer$ in application-akka.actor.default-dispatcher-7 - JPro: 2020.1.1
2021-01-11 20:17:49,192 [INFO] from com.jpro.internal.server.Initializer$ in application-akka.actor.default-dispatcher-7 - Java version: 15
2021-01-11 20:17:49,192 [INFO] from com.jpro.internal.server.Initializer$ in application-akka.actor.default-dispatcher-7 - JVM: 15 Oracle Corporation
2021-01-11 20:17:49,204 [INFO] from com.jpro.internal.server.Initializer$ in application-akka.actor.default-dispatcher-7 - redirected OUT / ERR
2021-01-11 20:17:49,204 [INFO] from com.jpro.internal.server.Initializer$ in application-akka.actor.default-dispatcher-7 - installed SLF4JBridge
2021-01-11 20:17:49,220 [INFO] from com.jpro.internal.server.MonocleInitializer$ in application-akka.actor.default-dispatcher-7 - screen: null
2021-01-11 20:17:49,718 [INFO] from com.jpro.internal.server.Initializer$ in application-akka.actor.default-dispatcher-7 - finished init!
2021-01-11 20:17:49,718 [INFO] from com.jpro.internal.server.Initializer$ in JavaFX Application Thread - JavaFX version: 15.0.0.2-jpro+0-2020-09-30-150835
2021-01-11 20:17:49,860 [INFO] from com.jpro.internal.chart.model.ChartJSONImExporter in JavaFX Application Thread - Imported chart data Mon Jan 11 20:17:49 EET 2021
2021-01-11 20:17:49,862 [INFO] from com.jpro.internal.chart.model.DynamicDataModel in JavaFX Application Thread - Started Monitoring chart data...
2021-01-11 20:17:50,577 [INFO] from controllers.jpro in application-akka.actor.default-dispatcher-6 - application requested: 0!default
2021-01-11 20:17:50,588 [INFO] from controllers.jpro in application-akka.actor.default-dispatcher-6 - Creating Application: 0!default
2021-01-11 20:17:50,594 [INFO] from controllers.jpro in application-akka.actor.default-dispatcher-6 - remoteAddress 0:0:0:0:0:0:0:1
2021-01-11 20:17:50,595 [INFO] from controllers.jpro in application-akka.actor.default-dispatcher-6 - host          localhost:8080
2021-01-11 20:17:50,595 [INFO] from controllers.jpro in application-akka.actor.default-dispatcher-6 - uri           /app/0!default
2021-01-11 20:17:50,883 [INFO] from com.jpro.internal.server.ViewSerializerActor in JavaFX Application Thread - appdef: AppByMain(default,sample.Main,None,NamedClassLoader(system),false) clientinfo: ClientInfo(http://localhost:8080/,http://localhost:8080/app/default,1496.0,754.0,false,en-US,List(en-US, en),,Map(Webstorm-91a5c09 -> 8725eb96-f9b8-42ab-bfda-39f985199439, Phpstorm-1349f765 -> a06e5e8a-0dec-4479-b8e3-9be386be9261),Map(Host -> List(localhost:8080), Cookie -> List(Webstorm-91a5c09=8725eb96-f9b8-42ab-bfda-39f985199439; Phpstorm-1349f765=a06e5e8a-0dec-4479-b8e3-9be386be9261), Origin -> List(http://localhost:8080), Pragma -> List(no-cache), Upgrade -> List(websocket), Connection -> List(Upgrade), User-Agent -> List(Mozilla/5.0 (Windows NT 10.0; Win64; x64) AppleWebKit/537.36 (KHTML, like Gecko) Chrome/87.0.4280.88 Safari/537.36 OPR/73.0.3856.329), Cache-Control -> List(no-cache), Remote-Address -> List(0:0:0:0:0:0:0:1:51548), Timeout-Access -> List(<function1>), Accept-Encoding -> List(gzip, deflate, br), Accept-Language -> List(en-US,en;q=0.9), Raw-Request-URI -> List(/app/0!default), Tls-Session-Info -> List(Session(1610389069058|SSL_NULL_WITH_NULL_NULL)), Sec-WebSocket-Key -> List(jgvOg60VnUWf0U30K4zcHA==), UpgradeToWebSocket -> List(), Sec-WebSocket-Version -> List(13), Sec-WebSocket-Extensions -> List(permessage-deflate; client_max_window_bits)))out: Actor[akka://application/system/Materializers/StreamSupervisor-0/$$f-actorRefSource#1350238985]
2021-01-11 20:17:52,397 [INFO] from com.jpro.JS in JavaFX Application Thread - received msg: new MainID: 4846 userid: 551710398
2021-01-11 20:17:53,886 [INFO] from com.jpro.JS in JavaFX Application Thread - received msg: new MainID: 5979 userid: 551710398
2021-01-11 20:17:59,183 [WARN] from com.jpro.meta.tk.SceneInputListener in JavaFX Application Thread - Unknown Keycode: 190
2021-01-11 20:17:59,277 [WARN] from com.jpro.meta.tk.SceneInputListener in JavaFX Application Thread - Unknown Keycode: 190
2021-01-11 20:18:01,085 [INFO] from com.jpro.JS in JavaFX Application Thread - received msg: new MainID: 6292 userid: 551710398
2021-01-11 20:18:04,445 [INFO] from com.jpro.JS in JavaFX Application Thread - received msg: new MainID: 7176 userid: 551710398
2021-01-11 20:18:06,990 [INFO] from com.jpro.JS in JavaFX Application Thread - received msg: new MainID: 7415 userid: 551710398
2021-01-11 20:18:07,966 [INFO] from com.jpro.JS in JavaFX Application Thread - received msg: new MainID: 10966 userid: 551710398
2021-01-11 20:18:09,007 [INFO] from com.jpro.JS in JavaFX Application Thread - received msg: new MainID: 11205 userid: 551710398
2021-01-11 20:18:10,190 [INFO] from com.jpro.JS in JavaFX Application Thread - received msg: new MainID: 12089 userid: 551710398
2021-01-11 20:19:42,926 [INFO] from akka.event.slf4j.Slf4jLogger in application-akka.actor.default-dispatcher-7 - Slf4jLogger started
2021-01-11 20:19:43,447 [INFO] from play.api.Play in Thread-0 - Application started (Prod) (no global state)
2021-01-11 20:19:43,884 [INFO] from play.core.server.AkkaHttpServer in Thread-0 - Enabling HTTP/2 on Akka HTTP server...
2021-01-11 20:19:43,885 [INFO] from play.core.server.AkkaHttpServer in Thread-0 - Listening for HTTP on /[0:0:0:0:0:0:0:0]:8080
2021-01-11 20:19:44,177 [INFO] from com.jpro.activity in application-akka.actor.default-dispatcher-8 - Starting the server
2021-01-11 20:19:44,178 [INFO] from com.jpro.internal.server.Initializer$ in application-akka.actor.default-dispatcher-8 -  *** Starting JPro: https://www.jpro.one/ ***
2021-01-11 20:19:44,178 [INFO] from com.jpro.internal.server.Initializer$ in application-akka.actor.default-dispatcher-8 - OS: Windows 10
2021-01-11 20:19:44,184 [INFO] from com.jpro.internal.server.Initializer$ in application-akka.actor.default-dispatcher-8 - JPro: 2020.1.1
2021-01-11 20:19:44,184 [INFO] from com.jpro.internal.server.Initializer$ in application-akka.actor.default-dispatcher-8 - Java version: 15
2021-01-11 20:19:44,184 [INFO] from com.jpro.internal.server.Initializer$ in application-akka.actor.default-dispatcher-8 - JVM: 15 Oracle Corporation
2021-01-11 20:19:44,195 [INFO] from com.jpro.internal.server.Initializer$ in application-akka.actor.default-dispatcher-8 - redirected OUT / ERR
2021-01-11 20:19:44,195 [INFO] from com.jpro.internal.server.Initializer$ in application-akka.actor.default-dispatcher-8 - installed SLF4JBridge
2021-01-11 20:19:44,212 [INFO] from com.jpro.internal.server.MonocleInitializer$ in application-akka.actor.default-dispatcher-8 - screen: null
2021-01-11 20:19:44,689 [INFO] from com.jpro.internal.server.Initializer$ in application-akka.actor.default-dispatcher-8 - finished init!
2021-01-11 20:19:44,689 [INFO] from com.jpro.internal.server.Initializer$ in JavaFX Application Thread - JavaFX version: 15.0.0.2-jpro+0-2020-09-30-150835
2021-01-11 20:19:44,838 [INFO] from com.jpro.internal.chart.model.ChartJSONImExporter in JavaFX Application Thread - Imported chart data Mon Jan 11 20:19:44 EET 2021
2021-01-11 20:19:44,840 [INFO] from com.jpro.internal.chart.model.DynamicDataModel in JavaFX Application Thread - Started Monitoring chart data...
2021-01-11 20:19:45,537 [INFO] from controllers.jpro in application-akka.actor.default-dispatcher-11 - application requested: 0!default
2021-01-11 20:19:45,545 [INFO] from controllers.jpro in application-akka.actor.default-dispatcher-11 - Creating Application: 0!default
2021-01-11 20:19:45,551 [INFO] from controllers.jpro in application-akka.actor.default-dispatcher-11 - remoteAddress 0:0:0:0:0:0:0:1
2021-01-11 20:19:45,551 [INFO] from controllers.jpro in application-akka.actor.default-dispatcher-11 - host          localhost:8080
2021-01-11 20:19:45,551 [INFO] from controllers.jpro in application-akka.actor.default-dispatcher-11 - uri           /app/0!default
2021-01-11 20:19:45,864 [INFO] from com.jpro.internal.server.ViewSerializerActor in JavaFX Application Thread - appdef: AppByMain(default,sample.Main,None,NamedClassLoader(system),false) clientinfo: ClientInfo(http://localhost:8080/,http://localhost:8080/app/default,1496.0,754.0,false,en-US,List(en-US, en),,Map(Webstorm-91a5c09 -> 8725eb96-f9b8-42ab-bfda-39f985199439, Phpstorm-1349f765 -> a06e5e8a-0dec-4479-b8e3-9be386be9261),Map(Host -> List(localhost:8080), Cookie -> List(Webstorm-91a5c09=8725eb96-f9b8-42ab-bfda-39f985199439; Phpstorm-1349f765=a06e5e8a-0dec-4479-b8e3-9be386be9261), Origin -> List(http://localhost:8080), Pragma -> List(no-cache), Upgrade -> List(websocket), Connection -> List(Upgrade), User-Agent -> List(Mozilla/5.0 (Windows NT 10.0; Win64; x64) AppleWebKit/537.36 (KHTML, like Gecko) Chrome/87.0.4280.88 Safari/537.36 OPR/73.0.3856.329), Cache-Control -> List(no-cache), Remote-Address -> List(0:0:0:0:0:0:0:1:51593), Timeout-Access -> List(<function1>), Accept-Encoding -> List(gzip, deflate, br), Accept-Language -> List(en-US,en;q=0.9), Raw-Request-URI -> List(/app/0!default), Tls-Session-Info -> List(Session(1610389184058|SSL_NULL_WITH_NULL_NULL)), Sec-WebSocket-Key -> List(600I0osyACjRhw2xcLcVpg==), UpgradeToWebSocket -> List(), Sec-WebSocket-Version -> List(13), Sec-WebSocket-Extensions -> List(permessage-deflate; client_max_window_bits)))out: Actor[akka://application/system/Materializers/StreamSupervisor-0/$$f-actorRefSource#-1310019585]
2021-01-11 20:19:47,346 [INFO] from com.jpro.JS in JavaFX Application Thread - received msg: new MainID: 4846 userid: 33455520
2021-01-11 20:19:48,929 [INFO] from com.jpro.JS in JavaFX Application Thread - received msg: new MainID: 5979 userid: 33455520
2021-01-11 20:19:56,675 [WARN] from com.jpro.meta.tk.SceneInputListener in JavaFX Application Thread - Unknown Keycode: 190
2021-01-11 20:19:56,802 [WARN] from com.jpro.meta.tk.SceneInputListener in JavaFX Application Thread - Unknown Keycode: 190
2021-01-11 20:19:58,657 [INFO] from com.jpro.JS in JavaFX Application Thread - received msg: new MainID: 6316 userid: 33455520
2021-01-11 20:19:59,907 [INFO] from com.jpro.JS in JavaFX Application Thread - received msg: new MainID: 7170 userid: 33455520
2021-01-11 20:20:02,242 [INFO] from com.jpro.JS in JavaFX Application Thread - received msg: new MainID: 7409 userid: 33455520
2021-01-13 14:27:56,819 [INFO] from akka.event.slf4j.Slf4jLogger in application-akka.actor.default-dispatcher-5 - Slf4jLogger started
2021-01-13 14:27:57,983 [INFO] from play.api.Play in Thread-0 - Application started (Prod) (no global state)
2021-01-13 14:27:58,782 [INFO] from play.core.server.AkkaHttpServer in Thread-0 - Enabling HTTP/2 on Akka HTTP server...
2021-01-13 14:27:58,783 [INFO] from play.core.server.AkkaHttpServer in Thread-0 - Listening for HTTP on /[0:0:0:0:0:0:0:0]:8080
2021-01-13 14:27:59,168 [INFO] from com.jpro.activity in application-akka.actor.default-dispatcher-8 - Starting the server
2021-01-13 14:27:59,170 [INFO] from com.jpro.internal.server.Initializer$ in application-akka.actor.default-dispatcher-8 -  *** Starting JPro: https://www.jpro.one/ ***
2021-01-13 14:27:59,170 [INFO] from com.jpro.internal.server.Initializer$ in application-akka.actor.default-dispatcher-8 - OS: Windows 10
2021-01-13 14:27:59,184 [INFO] from com.jpro.internal.server.Initializer$ in application-akka.actor.default-dispatcher-8 - JPro: 2020.1.1
2021-01-13 14:27:59,184 [INFO] from com.jpro.internal.server.Initializer$ in application-akka.actor.default-dispatcher-8 - Java version: 15
2021-01-13 14:27:59,184 [INFO] from com.jpro.internal.server.Initializer$ in application-akka.actor.default-dispatcher-8 - JVM: 15 Oracle Corporation
2021-01-13 14:27:59,205 [INFO] from com.jpro.internal.server.Initializer$ in application-akka.actor.default-dispatcher-8 - redirected OUT / ERR
2021-01-13 14:27:59,205 [INFO] from com.jpro.internal.server.Initializer$ in application-akka.actor.default-dispatcher-8 - installed SLF4JBridge
2021-01-13 14:27:59,232 [INFO] from com.jpro.internal.server.MonocleInitializer$ in application-akka.actor.default-dispatcher-8 - screen: null
2021-01-13 14:28:00,432 [INFO] from com.jpro.internal.server.Initializer$ in application-akka.actor.default-dispatcher-8 - finished init!
2021-01-13 14:28:00,432 [INFO] from com.jpro.internal.server.Initializer$ in JavaFX Application Thread - JavaFX version: 15.0.0.2-jpro+0-2020-09-30-150835
2021-01-13 14:28:00,629 [INFO] from com.jpro.internal.chart.model.ChartJSONImExporter in JavaFX Application Thread - Imported chart data Wed Jan 13 14:28:00 EET 2021
2021-01-13 14:28:00,632 [INFO] from com.jpro.internal.chart.model.DynamicDataModel in JavaFX Application Thread - Started Monitoring chart data...
2021-01-13 14:28:02,012 [INFO] from controllers.jpro in application-akka.actor.default-dispatcher-8 - application requested: 0!default
2021-01-13 14:28:02,024 [INFO] from controllers.jpro in application-akka.actor.default-dispatcher-8 - Creating Application: 0!default
2021-01-13 14:28:02,026 [INFO] from controllers.jpro in application-akka.actor.default-dispatcher-8 - remoteAddress 0:0:0:0:0:0:0:1
2021-01-13 14:28:02,026 [INFO] from controllers.jpro in application-akka.actor.default-dispatcher-8 - host          localhost:8080
2021-01-13 14:28:02,026 [INFO] from controllers.jpro in application-akka.actor.default-dispatcher-8 - uri           /app/0!default
2021-01-13 14:28:02,545 [INFO] from com.jpro.internal.server.ViewSerializerActor in JavaFX Application Thread - appdef: AppByMain(default,sample.Main,None,NamedClassLoader(system),false) clientinfo: ClientInfo(http://localhost:8080/,http://localhost:8080/app/default,1496.0,754.0,false,en-US,List(en-US, en),,Map(Webstorm-91a5c09 -> 8725eb96-f9b8-42ab-bfda-39f985199439, Phpstorm-1349f765 -> a06e5e8a-0dec-4479-b8e3-9be386be9261),Map(Host -> List(localhost:8080), Cookie -> List(Webstorm-91a5c09=8725eb96-f9b8-42ab-bfda-39f985199439; Phpstorm-1349f765=a06e5e8a-0dec-4479-b8e3-9be386be9261), Origin -> List(http://localhost:8080), Pragma -> List(no-cache), Upgrade -> List(websocket), Connection -> List(Upgrade), User-Agent -> List(Mozilla/5.0 (Windows NT 10.0; Win64; x64) AppleWebKit/537.36 (KHTML, like Gecko) Chrome/87.0.4280.88 Safari/537.36 OPR/73.0.3856.329), Cache-Control -> List(no-cache), Remote-Address -> List(0:0:0:0:0:0:0:1:60485), Timeout-Access -> List(<function1>), Accept-Encoding -> List(gzip, deflate, br), Accept-Language -> List(en-US,en;q=0.9), Raw-Request-URI -> List(/app/0!default), Tls-Session-Info -> List(Session(1610540878879|SSL_NULL_WITH_NULL_NULL)), Sec-WebSocket-Key -> List(gWJHZEtHvdA5SZ+uq8NFzA==), UpgradeToWebSocket -> List(), Sec-WebSocket-Version -> List(13), Sec-WebSocket-Extensions -> List(permessage-deflate; client_max_window_bits)))out: Actor[akka://application/system/Materializers/StreamSupervisor-0/$$f-actorRefSource#-1678557218]
2021-01-13 14:28:05,311 [INFO] from com.jpro.JS in JavaFX Application Thread - received msg: new MainID: 4846 userid: 295722644
2021-01-13 14:28:11,126 [INFO] from com.jpro.meta.stream.Util$ in JavaFX Application Thread - 
2021-01-13 14:28:15,952 [INFO] from com.jpro.JS in JavaFX Application Thread - received msg: new MainID: 6705 userid: 295722644
2021-01-13 14:28:33,888 [WARN] from com.jpro.meta.tk.SceneInputListener in JavaFX Application Thread - Unknown Keycode: 190
2021-01-13 14:28:34,004 [WARN] from com.jpro.meta.tk.SceneInputListener in JavaFX Application Thread - Unknown Keycode: 190
2021-01-13 14:28:48,913 [WARN] from com.jpro.meta.tk.SceneInputListener in JavaFX Application Thread - Unknown Keycode: 190
2021-01-13 14:28:49,040 [WARN] from com.jpro.meta.tk.SceneInputListener in JavaFX Application Thread - Unknown Keycode: 190
2021-01-13 14:29:03,440 [INFO] from com.jpro.JS in JavaFX Application Thread - received msg: new MainID: 7688 userid: 295722644
2021-01-13 14:29:05,184 [INFO] from com.jpro.JS in JavaFX Application Thread - received msg: new MainID: 11215 userid: 295722644
2021-01-13 14:29:11,584 [INFO] from com.jpro.JS in JavaFX Application Thread - received msg: new MainID: 11454 userid: 295722644
2021-01-13 14:29:12,449 [INFO] from com.jpro.JS in JavaFX Application Thread - received msg: new MainID: 12308 userid: 295722644
2021-01-13 14:29:24,784 [INFO] from com.jpro.meta.stream.Util$ in JavaFX Application Thread - 
2021-01-13 14:29:24,817 [INFO] from com.jpro.JS in JavaFX Application Thread - received msg: new MainID: 15492 userid: 295722644
2021-01-13 14:29:33,280 [INFO] from com.jpro.meta.stream.Util$ in JavaFX Application Thread - 
2021-01-13 14:29:36,512 [INFO] from com.jpro.JS in JavaFX Application Thread - received msg: new MainID: 20280 userid: 295722644
2021-01-13 14:29:37,296 [INFO] from com.jpro.JS in JavaFX Application Thread - received msg: new MainID: 20525 userid: 295722644
2021-01-13 14:29:38,720 [INFO] from com.jpro.JS in JavaFX Application Thread - received msg: new MainID: 25314 userid: 295722644
