2021-01-13 20:03:21,152 [ERROR] in scala-execution-context-global-39 - 	at java.base/java.lang.reflect.Constructor.newInstanceWithCaller(Constructor.java:500)
2021-01-13 20:03:21,213 [ERROR] in scala-execution-context-global-39 - 	at java.base/java.lang.reflect.ReflectAccess.newInstance(ReflectAccess.java:128)
2021-01-13 20:03:21,214 [ERROR] in scala-execution-context-global-39 - 	at java.base/jdk.internal.reflect.ReflectionFactory.newInstance(ReflectionFactory.java:350)
2021-01-13 20:03:21,214 [ERROR] in scala-execution-context-global-39 - 	at java.base/java.lang.Class.newInstance(Class.java:645)
2021-01-13 20:03:21,215 [ERROR] in scala-execution-context-global-39 - 	at javafx.fxml.FXMLLoader$ValueElement.processAttribute(FXMLLoader.java:938)
2021-01-13 20:03:21,215 [ERROR] in scala-execution-context-global-39 - 	at javafx.fxml.FXMLLoader$InstanceDeclarationElement.processAttribute(FXMLLoader.java:982)
2021-01-13 20:03:21,215 [ERROR] in scala-execution-context-global-39 - 	at javafx.fxml.FXMLLoader$Element.processStartElement(FXMLLoader.java:229)
2021-01-13 20:03:21,215 [ERROR] in scala-execution-context-global-39 - 	at javafx.fxml.FXMLLoader$ValueElement.processStartElement(FXMLLoader.java:754)
2021-01-13 20:03:21,215 [ERROR] in scala-execution-context-global-71 - 	at javafx.fxml.FXMLLoader.processStartElement(FXMLLoader.java:2808)
2021-01-13 20:03:21,215 [ERROR] in scala-execution-context-global-71 - 	at javafx.fxml.FXMLLoader.loadImpl(FXMLLoader.java:2634)
2021-01-13 20:03:21,215 [ERROR] in scala-execution-context-global-71 - 	... 94 more
2021-01-13 20:05:09,927 [INFO] in scala-execution-context-global-39 - [info] c.j.i.s.Initializer$ - redirected OUT / ERR
2021-01-13 20:05:09,927 [INFO] in scala-execution-context-global-39 - [info] c.j.i.s.Initializer$ - installed SLF4JBridge
2021-01-13 20:05:09,928 [INFO] in scala-execution-context-global-39 - [info] c.j.i.s.MonocleInitializer$ - screen: null
2021-01-13 20:05:09,928 [INFO] in scala-execution-context-global-39 - [info] c.j.i.s.Initializer$ - finished init!
2021-01-13 20:05:09,928 [INFO] in scala-execution-context-global-39 - [info] c.j.i.s.Initializer$ - JavaFX version: 15.0.0.2-jpro+0-2020-09-30-150835
2021-01-13 20:05:10,292 [INFO] in scala-execution-context-global-39 - [info] c.j.i.c.m.ChartJSONImExporter - Imported chart data Wed Jan 13 20:05:09 EET 2021
2021-01-13 20:05:10,295 [INFO] in scala-execution-context-global-39 - [info] c.j.i.c.m.DynamicDataModel - Started Monitoring chart data...
2021-01-13 20:05:12,279 [INFO] in scala-execution-context-global-39 - [info] c.jpro - application requested: 0!default
2021-01-13 20:05:12,298 [INFO] in scala-execution-context-global-39 - [info] c.jpro - Creating Application: 0!default
2021-01-13 20:05:12,303 [INFO] in scala-execution-context-global-39 - [info] c.jpro - remoteAddress 0:0:0:0:0:0:0:1
2021-01-13 20:05:12,304 [INFO] in scala-execution-context-global-39 - [info] c.jpro - host          localhost:8080
2021-01-13 20:05:12,304 [INFO] in scala-execution-context-global-39 - [info] c.jpro - uri           /app/0!default
2021-01-13 20:05:13,096 [INFO] in scala-execution-context-global-39 - [info] c.j.i.s.ViewSerializerActor - appdef: AppByMain(default,sample.Main,None,NamedClassLoader(system),false) clientinfo: ClientInfo(http://localhost:8080/,http://localhost:8080/app/default,1536.0,754.0,false,en-US,List(en-US, en, ro, ru),,Map(),Map(Host -> List(localhost:8080), Origin -> List(http://localhost:8080), Pragma -> List(no-cache), Upgrade -> List(websocket), Connection -> List(Upgrade), User-Agent -> List(Mozilla/5.0 (Windows NT 10.0; Win64; x64) AppleWebKit/537.36 (KHTML, like Gecko) Chrome/87.0.4280.141 Safari/537.36), Cache-Control -> List(no-cache), Remote-Address -> List(0:0:0:0:0:0:0:1:50775), Timeout-Access -> List(<function1>), Accept-Encoding -> List(gzip, deflate, br), Accept-Language -> List(en-US,en;q=0.9,ro;q=0.8,ru;q=0.7), Raw-Request-URI -> List(/app/0!default), Tls-Session-Info -> List(Session(1610561108332|SSL_NULL_WITH_NULL_NULL)), Sec-WebSocket-Key -> List(8+PNnjgN51Da5wVuyfqnUg==), UpgradeToWebSocket -> List(), Sec-WebSocket-Version -> List(13), Sec-WebSocket-Extensions -> List(permessage-deflate; client_max_window_bits)))out: Actor[akka://application/system/Materializers/StreamSupervisor-0/$$f-actorRefSource#1381719321]
2021-01-13 20:05:17,307 [INFO] in scala-execution-context-global-39 - [info] com.jpro.JS - received msg: new MainID: 4846 userid: 528713903
2021-01-13 20:05:20,938 [INFO] in scala-execution-context-global-39 - [info] com.jpro.JS - received msg: new MainID: 5979 userid: 528713903
2021-01-13 20:05:26,922 [INFO] in scala-execution-context-global-39 - [warn] c.j.m.t.SceneInputListener - Unknown Keycode: 190
2021-01-13 20:05:26,991 [INFO] in scala-execution-context-global-39 - [warn] c.j.m.t.SceneInputListener - Unknown Keycode: 190
2021-01-13 20:05:34,720 [INFO] in scala-execution-context-global-39 - [error] c.j.m.t.SceneInputListener - Error while processing the input: MouseEventToken(MouseMoved,899.2000122070312,476.3999938964844,MouseButtonToken(2),false,false,false,false,false,false,false,false) app: window: null
2021-01-13 20:05:34,721 [INFO] in scala-execution-context-global-52 - java.lang.NullPointerException: Cannot invoke "Object.getClass()" because the return value of "simplefx.util.ReflectionUtil$UseReflection.ref()" is null
2021-01-13 20:05:34,721 [INFO] in scala-execution-context-global-52 - 	at simplefx.util.ReflectionUtil$UseReflection.applyDynamic(ReflectionUtil.scala:18)
2021-01-13 20:05:34,722 [INFO] in scala-execution-context-global-52 - 	at com.jpro.meta.tk.UtilSceneTKListener$ExtendView.view(UtilSceneTKListener.scala:24)
2021-01-13 20:05:34,722 [INFO] in scala-execution-context-global-52 - 	at com.jpro.meta.tk.UtilSceneTKListener$ExtendView.isMonocle(UtilSceneTKListener.scala:25)
2021-01-13 20:05:34,722 [INFO] in scala-execution-context-global-52 - 	at com.jpro.meta.tk.SceneInputListener.processInputInScene(SceneInputListener.scala:144)
2021-01-13 20:05:34,722 [INFO] in scala-execution-context-global-52 - 	at com.jpro.meta.tk.SceneInputListener.processInput(SceneInputListener.scala:132)
2021-01-13 20:05:34,722 [INFO] in scala-execution-context-global-52 - 	at com.jpro.meta.tk.SceneInputListener.processInputs(SceneInputListener.scala:101)
2021-01-13 20:05:34,723 [INFO] in scala-execution-context-global-52 - 	at com.jpro.meta.tk.SceneInputListener.$anonfun$new$4(SceneInputListener.scala:42)
2021-01-13 20:05:34,723 [INFO] in scala-execution-context-global-52 - 	at simplefx.cores.standard.parts.CoreTimeEvent.$anonfun$runAsAnimation$1(CoreTimeEvent.scala:64)
2021-01-13 20:05:34,723 [INFO] in scala-execution-context-global-52 - 	at simplefx.cores.standard.parts.CoreTimeEvent$$anon$2.handle(CoreTimeEvent.scala:46)
2021-01-13 20:05:34,723 [INFO] in scala-execution-context-global-52 - 	at javafx.animation.AnimationTimer$AnimationTimerReceiver.lambda$handle$0(AnimationTimer.java:57)
2021-01-13 20:05:34,746 [INFO] in scala-execution-context-global-52 - [info] com.jpro.JS - received msg: new MainID: 6324 userid: 528713903
2021-01-13 20:05:36,266 [INFO] in scala-execution-context-global-52 - [info] com.jpro.JS - received msg: new MainID: 6493 userid: 528713903
2021-01-13 20:05:37,593 [INFO] in scala-execution-context-global-39 - [info] com.jpro.JS - received msg: new MainID: 6732 userid: 528713903
2021-01-13 20:05:38,762 [INFO] in scala-execution-context-global-39 - [info] com.jpro.JS - received msg: new MainID: 7961 userid: 528713903
2021-01-13 20:08:36,218 [INFO] in scala-execution-context-global-39 - [info] c.j.i.s.Initializer$ - redirected OUT / ERR
2021-01-13 20:08:36,219 [INFO] in scala-execution-context-global-39 - [info] c.j.i.s.Initializer$ - installed SLF4JBridge
2021-01-13 20:08:36,219 [INFO] in scala-execution-context-global-39 - [info] c.j.i.s.MonocleInitializer$ - screen: null
2021-01-13 20:08:36,219 [INFO] in scala-execution-context-global-39 - [info] c.j.i.s.Initializer$ - finished init!
2021-01-13 20:08:36,219 [INFO] in scala-execution-context-global-39 - [info] c.j.i.s.Initializer$ - JavaFX version: 15.0.0.2-jpro+0-2020-09-30-150835
2021-01-13 20:08:36,581 [INFO] in scala-execution-context-global-39 - [info] c.j.i.c.m.ChartJSONImExporter - Imported chart data Wed Jan 13 20:08:35 EET 2021
2021-01-13 20:08:36,584 [INFO] in scala-execution-context-global-39 - [info] c.j.i.c.m.DynamicDataModel - Started Monitoring chart data...
2021-01-13 20:08:38,503 [INFO] in scala-execution-context-global-39 - [info] c.jpro - application requested: 0!default
2021-01-13 20:08:38,528 [INFO] in scala-execution-context-global-39 - [info] c.jpro - Creating Application: 0!default
2021-01-13 20:08:38,533 [INFO] in scala-execution-context-global-39 - [info] c.jpro - remoteAddress 0:0:0:0:0:0:0:1
2021-01-13 20:08:38,533 [INFO] in scala-execution-context-global-39 - [info] c.jpro - host          localhost:8080
2021-01-13 20:08:38,533 [INFO] in scala-execution-context-global-39 - [info] c.jpro - uri           /app/0!default
2021-01-13 20:08:39,228 [INFO] in scala-execution-context-global-39 - [info] c.j.i.s.ViewSerializerActor - appdef: AppByMain(default,sample.Main,None,NamedClassLoader(system),false) clientinfo: ClientInfo(http://localhost:8080/,http://localhost:8080/app/default,1536.0,754.0,false,en-US,List(en-US, en, ro, ru),,Map(),Map(Host -> List(localhost:8080), Origin -> List(http://localhost:8080), Pragma -> List(no-cache), Upgrade -> List(websocket), Connection -> List(Upgrade), User-Agent -> List(Mozilla/5.0 (Windows NT 10.0; Win64; x64) AppleWebKit/537.36 (KHTML, like Gecko) Chrome/87.0.4280.141 Safari/537.36), Cache-Control -> List(no-cache), Remote-Address -> List(0:0:0:0:0:0:0:1:50826), Timeout-Access -> List(<function1>), Accept-Encoding -> List(gzip, deflate, br), Accept-Language -> List(en-US,en;q=0.9,ro;q=0.8,ru;q=0.7), Raw-Request-URI -> List(/app/0!default), Tls-Session-Info -> List(Session(1610561314483|SSL_NULL_WITH_NULL_NULL)), Sec-WebSocket-Key -> List(vd/0bEVPJpyvVTlHk0YO5A==), UpgradeToWebSocket -> List(), Sec-WebSocket-Version -> List(13), Sec-WebSocket-Extensions -> List(permessage-deflate; client_max_window_bits)))out: Actor[akka://application/system/Materializers/StreamSupervisor-0/$$f-actorRefSource#-1896504307]
2021-01-13 20:08:43,524 [INFO] in scala-execution-context-global-39 - [info] com.jpro.JS - received msg: new MainID: 4846 userid: 539440021
2021-01-13 20:08:47,699 [INFO] in scala-execution-context-global-39 - [info] com.jpro.JS - received msg: new MainID: 5979 userid: 539440021
2021-01-13 20:08:57,124 [INFO] in scala-execution-context-global-39 - [warn] c.j.m.t.SceneInputListener - Unknown Keycode: 190
2021-01-13 20:08:57,203 [INFO] in scala-execution-context-global-39 - [warn] c.j.m.t.SceneInputListener - Unknown Keycode: 190
2021-01-13 20:09:12,003 [INFO] in scala-execution-context-global-39 - [info] com.jpro.JS - received msg: new MainID: 6360 userid: 539440021
2021-01-13 20:09:16,019 [INFO] in scala-execution-context-global-39 - [info] com.jpro.JS - received msg: new MainID: 7595 userid: 539440021
2021-01-13 20:09:36,531 [INFO] in scala-execution-context-global-39 - [info] com.jpro.JS - received msg: new MainID: 10215 userid: 539440021
2021-01-13 20:09:38,979 [INFO] in scala-execution-context-global-52 - [info] com.jpro.JS - received msg: new MainID: 10378 userid: 539440021
2021-01-13 20:09:40,344 [INFO] in scala-execution-context-global-52 - [error] c.j.m.t.SceneInputListener - Error while processing the input: MouseEventToken(MouseMoved,66.4000015258789,30.0,MouseButtonToken(2),false,false,false,false,false,false,false,false) app: window: null
2021-01-13 20:09:40,345 [INFO] in scala-execution-context-global-52 - java.lang.NullPointerException: Cannot invoke "Object.getClass()" because the return value of "simplefx.util.ReflectionUtil$UseReflection.ref()" is null
2021-01-13 20:09:40,345 [INFO] in scala-execution-context-global-52 - 	at simplefx.util.ReflectionUtil$UseReflection.applyDynamic(ReflectionUtil.scala:18)
2021-01-13 20:09:40,346 [INFO] in scala-execution-context-global-39 - 	at com.jpro.meta.tk.UtilSceneTKListener$ExtendView.view(UtilSceneTKListener.scala:24)
2021-01-13 20:09:40,346 [INFO] in scala-execution-context-global-39 - 	at com.jpro.meta.tk.UtilSceneTKListener$ExtendView.isMonocle(UtilSceneTKListener.scala:25)
2021-01-13 20:09:40,346 [INFO] in scala-execution-context-global-39 - 	at com.jpro.meta.tk.SceneInputListener.processInputInScene(SceneInputListener.scala:144)
2021-01-13 20:09:40,346 [INFO] in scala-execution-context-global-52 - 	at com.jpro.meta.tk.SceneInputListener.processInput(SceneInputListener.scala:132)
2021-01-13 20:09:40,346 [INFO] in scala-execution-context-global-52 - 	at com.jpro.meta.tk.SceneInputListener.processInputs(SceneInputListener.scala:101)
2021-01-13 20:09:40,347 [INFO] in scala-execution-context-global-52 - 	at com.jpro.meta.tk.SceneInputListener.$anonfun$new$4(SceneInputListener.scala:42)
2021-01-13 20:09:40,347 [INFO] in scala-execution-context-global-52 - 	at simplefx.cores.standard.parts.CoreTimeEvent.$anonfun$runAsAnimation$1(CoreTimeEvent.scala:64)
2021-01-13 20:09:40,347 [INFO] in scala-execution-context-global-66 - 	at simplefx.cores.standard.parts.CoreTimeEvent$$anon$2.handle(CoreTimeEvent.scala:46)
2021-01-13 20:09:40,347 [INFO] in scala-execution-context-global-52 - 	at javafx.animation.AnimationTimer$AnimationTimerReceiver.lambda$handle$0(AnimationTimer.java:57)
2021-01-13 20:09:40,355 [INFO] in scala-execution-context-global-66 - [info] com.jpro.JS - received msg: new MainID: 10617 userid: 539440021
2021-01-13 20:09:41,282 [INFO] in scala-execution-context-global-66 - [info] com.jpro.JS - received msg: new MainID: 11852 userid: 539440021
2021-01-13 20:09:54,755 [INFO] in scala-execution-context-global-52 - [info] c.j.m.s.Util$ - 
2021-01-13 20:09:54,834 [INFO] in scala-execution-context-global-66 - [info] com.jpro.JS - received msg: new MainID: 15902 userid: 539440021
2021-01-13 20:11:29,986 [INFO] in scala-execution-context-global-52 - [info] c.j.i.s.ViewInfo$ - 
2021-01-13 20:11:29,987 [INFO] in scala-execution-context-global-52 - [info] c.j.i.s.ViewInfo$ - Application closed:
2021-01-13 20:11:29,990 [INFO] in scala-execution-context-global-52 - [info] c.j.i.s.ViewInfo$ - startTime      : Wed Jan 13 20:11:29 EET 2021      
2021-01-13 20:11:29,991 [INFO] in scala-execution-context-global-66 - [info] c.j.i.s.ViewInfo$ - averageLatency : 00:00:00.001 
2021-01-13 20:11:29,991 [INFO] in scala-execution-context-global-66 - [info] c.j.i.s.ViewInfo$ - averageJitter  : 00:00:00.001  
2021-01-13 20:11:29,991 [INFO] in scala-execution-context-global-66 - [info] c.j.i.s.ViewInfo$ - framerateServer: 00:00:00.000
2021-01-13 20:11:29,993 [INFO] in scala-execution-context-global-66 - [info] c.j.i.s.ViewInfo$ - framerateClient: 00:00:00.000
2021-01-13 20:11:29,994 [INFO] in scala-execution-context-global-66 - [info] c.j.i.s.ViewInfo$ - raw            : 2432442
2021-01-13 20:11:29,994 [INFO] in scala-execution-context-global-66 - [info] c.j.i.s.ViewInfo$ - zipped         : 617145
2021-01-13 20:11:29,994 [INFO] in scala-execution-context-global-66 - [info] c.j.i.s.ViewInfo$ - 
2021-01-13 20:11:30,016 [INFO] in scala-execution-context-global-52 - [info] c.jpro - application requested: 181933784!default
2021-01-13 20:11:30,016 [INFO] in scala-execution-context-global-52 - [info] c.jpro - Creating Application: 181933784!default
2021-01-13 20:11:30,017 [INFO] in scala-execution-context-global-52 - [info] c.jpro - remoteAddress 0:0:0:0:0:0:0:1
2021-01-13 20:11:30,017 [INFO] in scala-execution-context-global-52 - [info] c.jpro - host          localhost:8080
2021-01-13 20:11:30,017 [INFO] in scala-execution-context-global-52 - [info] c.jpro - uri           /app/181933784!default
2021-01-13 20:11:30,042 [INFO] in scala-execution-context-global-52 - [info] c.j.i.s.ViewSerializerActor - appdef: AppByID(181933784,Some(AppByMain(default,sample.Main,None,NamedClassLoader(system),false))) clientinfo: ClientInfo(http://localhost:8080/,http://localhost:8080/app/default,1536.0,754.0,false,en-US,List(en-US, en, ro, ru),,Map(),Map(Host -> List(localhost:8080), Origin -> List(http://localhost:8080), Pragma -> List(no-cache), Upgrade -> List(websocket), Connection -> List(Upgrade), User-Agent -> List(Mozilla/5.0 (Windows NT 10.0; Win64; x64) AppleWebKit/537.36 (KHTML, like Gecko) Chrome/87.0.4280.141 Safari/537.36), Cache-Control -> List(no-cache), Remote-Address -> List(0:0:0:0:0:0:0:1:50859), Timeout-Access -> List(<function1>), Accept-Encoding -> List(gzip, deflate, br), Accept-Language -> List(en-US,en;q=0.9,ro;q=0.8,ru;q=0.7), Raw-Request-URI -> List(/app/181933784!default), Tls-Session-Info -> List(Session(1610561314483|SSL_NULL_WITH_NULL_NULL)), Sec-WebSocket-Key -> List(5SRf/MofJnD5aPwyq1j5RQ==), UpgradeToWebSocket -> List(), Sec-WebSocket-Version -> List(13), Sec-WebSocket-Extensions -> List(permessage-deflate; client_max_window_bits)))out: Actor[akka://application/system/Materializers/StreamSupervisor-0/$$k-actorRefSource#-1862685306]
2021-01-13 20:11:30,835 [INFO] in scala-execution-context-global-52 - [info] com.jpro.JS - received msg: new MainID: 4846 userid: 725634790
2021-01-13 20:11:31,129 [INFO] in scala-execution-context-global-52 - [info] c.j.i.s.ViewInfo$ - 
2021-01-13 20:11:31,130 [INFO] in scala-execution-context-global-52 - [info] c.j.i.s.ViewInfo$ - Application closed:
2021-01-13 20:11:31,131 [INFO] in scala-execution-context-global-52 - [info] c.j.i.s.ViewInfo$ - startTime      : Wed Jan 13 20:11:31 EET 2021      
2021-01-13 20:11:31,131 [INFO] in scala-execution-context-global-52 - [info] c.j.i.s.ViewInfo$ - averageLatency : 00:00:00.002 
2021-01-13 20:11:31,131 [INFO] in scala-execution-context-global-52 - [info] c.j.i.s.ViewInfo$ - averageJitter  : 00:00:00.000  
2021-01-13 20:11:31,131 [INFO] in scala-execution-context-global-52 - [info] c.j.i.s.ViewInfo$ - framerateServer: 00:00:00.000
2021-01-13 20:11:31,132 [INFO] in scala-execution-context-global-52 - [info] c.j.i.s.ViewInfo$ - framerateClient: 00:00:00.000
2021-01-13 20:11:31,132 [INFO] in scala-execution-context-global-52 - [info] c.j.i.s.ViewInfo$ - raw            : 153668
2021-01-13 20:11:31,132 [INFO] in scala-execution-context-global-52 - [info] c.j.i.s.ViewInfo$ - zipped         : 17566
2021-01-13 20:11:31,132 [INFO] in scala-execution-context-global-52 - [info] c.j.i.s.ViewInfo$ - 
2021-01-13 20:11:36,468 [INFO] in scala-execution-context-global-52 - [info] c.j.i.c.InstanceImpl - closing window!
2021-01-13 20:12:31,380 [INFO] in scala-execution-context-global-52 - [info] c.j.i.c.InstanceImpl - closing window!
2021-01-13 20:15:47,923 [INFO] in scala-execution-context-global-39 - [info] c.j.i.s.Initializer$ - redirected OUT / ERR
2021-01-13 20:15:47,924 [INFO] in scala-execution-context-global-39 - [info] c.j.i.s.Initializer$ - installed SLF4JBridge
2021-01-13 20:15:47,924 [INFO] in scala-execution-context-global-39 - [info] c.j.i.s.MonocleInitializer$ - screen: null
2021-01-13 20:15:47,924 [INFO] in scala-execution-context-global-39 - [info] c.j.i.s.Initializer$ - finished init!
2021-01-13 20:15:47,925 [INFO] in scala-execution-context-global-39 - [info] c.j.i.s.Initializer$ - JavaFX version: 15.0.0.2-jpro+0-2020-09-30-150835
2021-01-13 20:15:48,446 [INFO] in scala-execution-context-global-39 - [info] c.j.i.c.m.ChartJSONImExporter - Imported chart data Wed Jan 13 20:15:47 EET 2021
2021-01-13 20:15:48,450 [INFO] in scala-execution-context-global-39 - [info] c.j.i.c.m.DynamicDataModel - Started Monitoring chart data...
2021-01-13 20:15:50,270 [INFO] in scala-execution-context-global-39 - [info] c.jpro - application requested: 0!default
2021-01-13 20:15:50,290 [INFO] in scala-execution-context-global-39 - [info] c.jpro - Creating Application: 0!default
2021-01-13 20:15:50,295 [INFO] in scala-execution-context-global-39 - [info] c.jpro - remoteAddress 0:0:0:0:0:0:0:1
2021-01-13 20:15:50,295 [INFO] in scala-execution-context-global-39 - [info] c.jpro - host          localhost:8080
2021-01-13 20:15:50,296 [INFO] in scala-execution-context-global-39 - [info] c.jpro - uri           /app/0!default
2021-01-13 20:15:51,029 [INFO] in scala-execution-context-global-39 - [info] c.j.i.s.ViewSerializerActor - appdef: AppByMain(default,sample.Main,None,NamedClassLoader(system),false) clientinfo: ClientInfo(http://localhost:8080/,http://localhost:8080/app/default,1536.0,754.0,false,en-US,List(en-US, en, ro, ru),,Map(),Map(Host -> List(localhost:8080), Origin -> List(http://localhost:8080), Pragma -> List(no-cache), Upgrade -> List(websocket), Connection -> List(Upgrade), User-Agent -> List(Mozilla/5.0 (Windows NT 10.0; Win64; x64) AppleWebKit/537.36 (KHTML, like Gecko) Chrome/87.0.4280.141 Safari/537.36), Cache-Control -> List(no-cache), Remote-Address -> List(0:0:0:0:0:0:0:1:50905), Timeout-Access -> List(<function1>), Accept-Encoding -> List(gzip, deflate, br), Accept-Language -> List(en-US,en;q=0.9,ro;q=0.8,ru;q=0.7), Raw-Request-URI -> List(/app/0!default), Tls-Session-Info -> List(Session(1610561746260|SSL_NULL_WITH_NULL_NULL)), Sec-WebSocket-Key -> List(p6M1dBDrdeeZt2rKLOwysw==), UpgradeToWebSocket -> List(), Sec-WebSocket-Version -> List(13), Sec-WebSocket-Extensions -> List(permessage-deflate; client_max_window_bits)))out: Actor[akka://application/system/Materializers/StreamSupervisor-0/$$f-actorRefSource#-1853935496]
2021-01-13 20:15:55,162 [INFO] in scala-execution-context-global-39 - [info] com.jpro.JS - received msg: new MainID: 4846 userid: 1897875826
2021-01-13 20:16:03,450 [INFO] in scala-execution-context-global-39 - [error] c.j.m.t.SceneInputListener - Error while processing the input: MouseEventToken(MouseMoved,1148.800048828125,670.7999877929688,MouseButtonToken(2),false,false,false,false,false,false,false,false) app: window: null
2021-01-13 20:16:03,450 [INFO] in scala-execution-context-global-52 - java.lang.NullPointerException: Cannot invoke "Object.getClass()" because the return value of "simplefx.util.ReflectionUtil$UseReflection.ref()" is null
2021-01-13 20:16:03,451 [INFO] in scala-execution-context-global-52 - 	at simplefx.util.ReflectionUtil$UseReflection.applyDynamic(ReflectionUtil.scala:18)
2021-01-13 20:16:03,451 [INFO] in scala-execution-context-global-52 - 	at com.jpro.meta.tk.UtilSceneTKListener$ExtendView.view(UtilSceneTKListener.scala:24)
2021-01-13 20:16:03,452 [INFO] in scala-execution-context-global-52 - 	at com.jpro.meta.tk.UtilSceneTKListener$ExtendView.isMonocle(UtilSceneTKListener.scala:25)
2021-01-13 20:16:03,452 [INFO] in scala-execution-context-global-52 - 	at com.jpro.meta.tk.SceneInputListener.processInputInScene(SceneInputListener.scala:144)
2021-01-13 20:16:03,452 [INFO] in scala-execution-context-global-52 - 	at com.jpro.meta.tk.SceneInputListener.processInput(SceneInputListener.scala:132)
2021-01-13 20:16:03,452 [INFO] in scala-execution-context-global-52 - 	at com.jpro.meta.tk.SceneInputListener.processInputs(SceneInputListener.scala:101)
2021-01-13 20:16:03,453 [INFO] in scala-execution-context-global-52 - 	at com.jpro.meta.tk.SceneInputListener.$anonfun$new$4(SceneInputListener.scala:42)
2021-01-13 20:16:03,453 [INFO] in scala-execution-context-global-52 - 	at simplefx.cores.standard.parts.CoreTimeEvent.$anonfun$runAsAnimation$1(CoreTimeEvent.scala:64)
2021-01-13 20:16:03,453 [INFO] in scala-execution-context-global-52 - 	at simplefx.cores.standard.parts.CoreTimeEvent$$anon$2.handle(CoreTimeEvent.scala:46)
2021-01-13 20:16:03,453 [INFO] in scala-execution-context-global-52 - 	at javafx.animation.AnimationTimer$AnimationTimerReceiver.lambda$handle$0(AnimationTimer.java:57)
2021-01-13 20:16:03,545 [INFO] in scala-execution-context-global-52 - [info] com.jpro.JS - received msg: new MainID: 5979 userid: 1897875826
2021-01-13 20:16:09,530 [INFO] in scala-execution-context-global-52 - [warn] c.j.m.t.SceneInputListener - Unknown Keycode: 186
2021-01-13 20:16:09,562 [INFO] in scala-execution-context-global-52 - [warn] c.j.m.t.SceneInputListener - Unknown Keycode: 186
2021-01-13 20:16:11,467 [INFO] in scala-execution-context-global-52 - [warn] c.j.m.t.SceneInputListener - Unknown Keycode: 191
2021-01-13 20:16:11,529 [INFO] in scala-execution-context-global-52 - [warn] c.j.m.t.SceneInputListener - Unknown Keycode: 191
2021-01-13 20:16:12,042 [INFO] in scala-execution-context-global-52 - [warn] c.j.m.t.SceneInputListener - Unknown Keycode: 188
2021-01-13 20:16:12,089 [INFO] in scala-execution-context-global-52 - [warn] c.j.m.t.SceneInputListener - Unknown Keycode: 188
2021-01-13 20:16:13,098 [INFO] in scala-execution-context-global-52 - [warn] c.j.m.t.SceneInputListener - Unknown Keycode: 190
2021-01-13 20:16:13,161 [INFO] in scala-execution-context-global-52 - [warn] c.j.m.t.SceneInputListener - Unknown Keycode: 190
2021-01-13 20:16:18,265 [INFO] in scala-execution-context-global-52 - [info] com.jpro.JS - received msg: new MainID: 6310 userid: 1897875826
2021-01-13 20:16:19,865 [INFO] in scala-execution-context-global-52 - [info] com.jpro.JS - received msg: new MainID: 7545 userid: 1897875826
2021-01-13 20:16:35,579 [INFO] in scala-execution-context-global-39 - [info] c.j.m.s.Util$ - 
2021-01-13 20:16:35,689 [INFO] in scala-execution-context-global-52 - [info] com.jpro.JS - received msg: new MainID: 11669 userid: 1897875826
2021-01-13 20:16:58,121 [INFO] in scala-execution-context-global-52 - [info] com.jpro.JS - received msg: new MainID: 18098 userid: 1897875826
2021-01-13 20:17:11,237 [ERROR] in scala-execution-context-global-52 - com.microsoft.sqlserver.jdbc.SQLServerException: Cannot insert the value NULL into column 'date', table 'DB_Project.dbo.Appointment'; column does not allow nulls. INSERT fails.
2021-01-13 20:17:11,238 [ERROR] in scala-execution-context-global-52 - 	at com.microsoft.sqlserver.jdbc.SQLServerException.makeFromDatabaseError(SQLServerException.java:262)
2021-01-13 20:17:11,239 [ERROR] in scala-execution-context-global-52 - 	at com.microsoft.sqlserver.jdbc.SQLServerStatement.getNextResult(SQLServerStatement.java:1632)
2021-01-13 20:17:11,239 [ERROR] in scala-execution-context-global-52 - 	at com.microsoft.sqlserver.jdbc.SQLServerPreparedStatement.doExecutePreparedStatement(SQLServerPreparedStatement.java:602)
2021-01-13 20:17:11,240 [ERROR] in scala-execution-context-global-52 - 	at com.microsoft.sqlserver.jdbc.SQLServerPreparedStatement$PrepStmtExecCmd.doExecute(SQLServerPreparedStatement.java:524)
2021-01-13 20:17:11,240 [ERROR] in scala-execution-context-global-52 - 	at com.microsoft.sqlserver.jdbc.TDSCommand.execute(IOBuffer.java:7375)
2021-01-13 20:17:11,240 [ERROR] in scala-execution-context-global-39 - 	at com.microsoft.sqlserver.jdbc.SQLServerConnection.executeCommand(SQLServerConnection.java:3206)
2021-01-13 20:17:11,240 [ERROR] in scala-execution-context-global-39 - 	at com.microsoft.sqlserver.jdbc.SQLServerStatement.executeCommand(SQLServerStatement.java:247)
2021-01-13 20:17:11,241 [ERROR] in scala-execution-context-global-39 - 	at com.microsoft.sqlserver.jdbc.SQLServerStatement.executeStatement(SQLServerStatement.java:222)
2021-01-13 20:17:11,241 [ERROR] in scala-execution-context-global-39 - 	at com.microsoft.sqlserver.jdbc.SQLServerPreparedStatement.executeUpdate(SQLServerPreparedStatement.java:473)
2021-01-13 20:17:11,241 [ERROR] in scala-execution-context-global-39 - 	at org.apache.commons.dbcp.DelegatingPreparedStatement.executeUpdate(DelegatingPreparedStatement.java:105)
2021-01-13 20:17:11,241 [ERROR] in scala-execution-context-global-39 - 	at org.apache.commons.dbcp.DelegatingPreparedStatement.executeUpdate(DelegatingPreparedStatement.java:105)
2021-01-13 20:17:11,241 [ERROR] in scala-execution-context-global-39 - 	at database.DatabaseOperations.insertAppointment(DatabaseOperations.java:303)
2021-01-13 20:17:11,241 [ERROR] in scala-execution-context-global-39 - 	at sample.CheckInFileController.lambda$check$0(CheckInFileController.java:69)
2021-01-13 20:17:11,241 [ERROR] in scala-execution-context-global-39 - 	at com.sun.javafx.event.CompositeEventHandler.dispatchBubblingEvent(CompositeEventHandler.java:86)
2021-01-13 20:17:11,241 [ERROR] in scala-execution-context-global-39 - 	at com.sun.javafx.event.EventHandlerManager.dispatchBubblingEvent(EventHandlerManager.java:234)
2021-01-13 20:17:11,242 [ERROR] in scala-execution-context-global-39 - 	at com.sun.javafx.event.EventHandlerManager.dispatchBubblingEvent(EventHandlerManager.java:191)
2021-01-13 20:17:11,242 [ERROR] in scala-execution-context-global-39 - 	at com.sun.javafx.event.CompositeEventDispatcher.dispatchBubblingEvent(CompositeEventDispatcher.java:59)
2021-01-13 20:17:11,242 [ERROR] in scala-execution-context-global-39 - 	at com.sun.javafx.event.BasicEventDispatcher.dispatchEvent(BasicEventDispatcher.java:58)
2021-01-13 20:17:11,242 [ERROR] in scala-execution-context-global-39 - 	at com.sun.javafx.event.EventDispatchChainImpl.dispatchEvent(EventDispatchChainImpl.java:114)
2021-01-13 20:17:11,242 [ERROR] in scala-execution-context-global-39 - 	at com.sun.javafx.event.BasicEventDispatcher.dispatchEvent(BasicEventDispatcher.java:56)
2021-01-13 20:17:11,243 [ERROR] in scala-execution-context-global-39 - 	at com.sun.javafx.event.EventDispatchChainImpl.dispatchEvent(EventDispatchChainImpl.java:114)
2021-01-13 20:17:11,243 [ERROR] in scala-execution-context-global-39 - 	at com.sun.javafx.event.BasicEventDispatcher.dispatchEvent(BasicEventDispatcher.java:56)
2021-01-13 20:17:11,243 [ERROR] in scala-execution-context-global-39 - 	at com.sun.javafx.event.EventDispatchChainImpl.dispatchEvent(EventDispatchChainImpl.java:114)
2021-01-13 20:17:11,243 [ERROR] in scala-execution-context-global-39 - 	at com.sun.javafx.event.EventUtil.fireEventImpl(EventUtil.java:74)
2021-01-13 20:17:11,243 [ERROR] in scala-execution-context-global-39 - 	at com.sun.javafx.event.EventUtil.fireEvent(EventUtil.java:49)
2021-01-13 20:17:11,244 [ERROR] in scala-execution-context-global-39 - 	at javafx.event.Event.fireEvent(Event.java:198)
2021-01-13 20:17:11,244 [ERROR] in scala-execution-context-global-39 - 	at javafx.scene.Node.fireEvent(Node.java:8886)
2021-01-13 20:17:11,244 [ERROR] in scala-execution-context-global-39 - 	at javafx.scene.control.Button.fire(Button.java:203)
2021-01-13 20:17:11,244 [ERROR] in scala-execution-context-global-39 - 	at com.sun.javafx.scene.control.behavior.ButtonBehavior.mouseReleased(ButtonBehavior.java:208)
2021-01-13 20:17:11,244 [ERROR] in scala-execution-context-global-39 - 	at com.sun.javafx.scene.control.inputmap.InputMap.handle(InputMap.java:274)
2021-01-13 20:17:11,244 [ERROR] in scala-execution-context-global-52 - 	at com.sun.javafx.event.CompositeEventHandler$NormalEventHandlerRecord.handleBubblingEvent(CompositeEventHandler.java:247)
2021-01-13 20:17:11,245 [ERROR] in scala-execution-context-global-39 - 	at com.sun.javafx.event.CompositeEventHandler.dispatchBubblingEvent(CompositeEventHandler.java:80)
2021-01-13 20:17:11,245 [ERROR] in scala-execution-context-global-52 - 	at com.sun.javafx.event.EventHandlerManager.dispatchBubblingEvent(EventHandlerManager.java:234)
2021-01-13 20:17:11,245 [ERROR] in scala-execution-context-global-39 - 	at com.sun.javafx.event.EventHandlerManager.dispatchBubblingEvent(EventHandlerManager.java:191)
2021-01-13 20:17:11,246 [ERROR] in scala-execution-context-global-52 - 	at com.sun.javafx.event.CompositeEventDispatcher.dispatchBubblingEvent(CompositeEventDispatcher.java:59)
2021-01-13 20:17:11,246 [ERROR] in scala-execution-context-global-52 - 	at com.sun.javafx.event.BasicEventDispatcher.dispatchEvent(BasicEventDispatcher.java:58)
2021-01-13 20:17:11,246 [ERROR] in scala-execution-context-global-52 - 	at com.sun.javafx.event.EventDispatchChainImpl.dispatchEvent(EventDispatchChainImpl.java:114)
2021-01-13 20:17:11,246 [ERROR] in scala-execution-context-global-52 - 	at com.sun.javafx.event.BasicEventDispatcher.dispatchEvent(BasicEventDispatcher.java:56)
2021-01-13 20:17:11,246 [ERROR] in scala-execution-context-global-52 - 	at com.sun.javafx.event.EventDispatchChainImpl.dispatchEvent(EventDispatchChainImpl.java:114)
2021-01-13 20:17:11,246 [ERROR] in scala-execution-context-global-52 - 	at com.sun.javafx.event.BasicEventDispatcher.dispatchEvent(BasicEventDispatcher.java:56)
2021-01-13 20:17:11,247 [ERROR] in scala-execution-context-global-52 - 	at com.sun.javafx.event.EventDispatchChainImpl.dispatchEvent(EventDispatchChainImpl.java:114)
2021-01-13 20:17:11,247 [ERROR] in scala-execution-context-global-52 - 	at com.sun.javafx.event.EventUtil.fireEventImpl(EventUtil.java:74)
2021-01-13 20:17:11,247 [ERROR] in scala-execution-context-global-52 - 	at com.sun.javafx.event.EventUtil.fireEvent(EventUtil.java:54)
2021-01-13 20:17:11,247 [ERROR] in scala-execution-context-global-52 - 	at javafx.event.Event.fireEvent(Event.java:198)
2021-01-13 20:17:11,247 [ERROR] in scala-execution-context-global-52 - 	at javafx.scene.Scene$MouseHandler.process(Scene.java:3886)
2021-01-13 20:17:11,247 [ERROR] in scala-execution-context-global-52 - 	at javafx.scene.Scene.processMouseEvent(Scene.java:1874)
2021-01-13 20:17:11,248 [ERROR] in scala-execution-context-global-52 - 	at javafx.scene.Scene$ScenePeerListener.mouseEvent(Scene.java:2614)
2021-01-13 20:17:11,248 [ERROR] in scala-execution-context-global-52 - 	at com.sun.javafx.tk.quantum.GlassViewEventHandler$MouseEventNotification.run(GlassViewEventHandler.java:409)
2021-01-13 20:17:11,248 [ERROR] in scala-execution-context-global-52 - 	at com.sun.javafx.tk.quantum.GlassViewEventHandler$MouseEventNotification.run(GlassViewEventHandler.java:299)
2021-01-13 20:17:11,248 [ERROR] in scala-execution-context-global-52 - 	at java.base/java.security.AccessController.doPrivileged(AccessController.java:391)
2021-01-13 20:17:11,248 [ERROR] in scala-execution-context-global-52 - 	at com.sun.javafx.tk.quantum.GlassViewEventHandler.lambda$handleMouseEvent$2(GlassViewEventHandler.java:447)
2021-01-13 20:17:11,248 [ERROR] in scala-execution-context-global-52 - 	at com.sun.javafx.tk.quantum.QuantumToolkit.runWithoutRenderLock(QuantumToolkit.java:418)
2021-01-13 20:17:11,248 [ERROR] in scala-execution-context-global-52 - 	at com.sun.javafx.tk.quantum.GlassViewEventHandler.handleMouseEvent(GlassViewEventHandler.java:446)
2021-01-13 20:17:11,249 [ERROR] in scala-execution-context-global-71 - 	at com.sun.glass.ui.View.handleMouseEvent(View.java:556)
2021-01-13 20:17:11,249 [ERROR] in scala-execution-context-global-71 - 	at com.sun.glass.ui.View.notifyMouse(View.java:942)
2021-01-13 20:17:11,249 [ERROR] in scala-execution-context-global-71 - 	at com.sun.glass.ui.monocle.MonocleView.notifyMouse(MonocleView.java:116)
2021-01-13 20:17:11,249 [ERROR] in scala-execution-context-global-71 - 	at jdk.internal.reflect.GeneratedMethodAccessor30.invoke(Unknown Source)
2021-01-13 20:17:11,249 [ERROR] in scala-execution-context-global-71 - 	at java.base/jdk.internal.reflect.DelegatingMethodAccessorImpl.invoke(DelegatingMethodAccessorImpl.java:43)
2021-01-13 20:17:11,250 [ERROR] in scala-execution-context-global-71 - 	at java.base/java.lang.reflect.Method.invoke(Method.java:564)
2021-01-13 20:17:11,250 [ERROR] in scala-execution-context-global-71 - 	at simplefx.util.ReflectionUtil$UseReflection.applyDynamic(ReflectionUtil.scala:21)
2021-01-13 20:17:11,250 [ERROR] in scala-execution-context-global-39 - 	at com.sun.glass.ui.monocle.input.fork.NativeMouseInput.notifyMouse(NativeMouseInput.scala:330)
2021-01-13 20:17:11,250 [ERROR] in scala-execution-context-global-39 - 	at com.sun.glass.ui.monocle.input.fork.NativeMouseInput.postMouseEvent(NativeMouseInput.scala:226)
2021-01-13 20:17:11,250 [ERROR] in scala-execution-context-global-39 - 	at com.sun.glass.ui.monocle.input.fork.NativeMouseInput.setState(NativeMouseInput.scala:186)
2021-01-13 20:17:11,250 [ERROR] in scala-execution-context-global-39 - 	at jdk.internal.reflect.GeneratedMethodAccessor29.invoke(Unknown Source)
2021-01-13 20:17:11,250 [ERROR] in scala-execution-context-global-39 - 	at java.base/jdk.internal.reflect.DelegatingMethodAccessorImpl.invoke(DelegatingMethodAccessorImpl.java:43)
2021-01-13 20:17:11,250 [ERROR] in scala-execution-context-global-39 - 	at java.base/java.lang.reflect.Method.invoke(Method.java:564)
2021-01-13 20:17:11,250 [ERROR] in scala-execution-context-global-39 - 	at simplefx.util.ReflectionUtil$UseReflection.applyDynamic(ReflectionUtil.scala:21)
2021-01-13 20:17:11,250 [ERROR] in scala-execution-context-global-39 - 	at com.jpro.meta.tk.SceneInputListener.processInputInScene(SceneInputListener.scala:195)
2021-01-13 20:17:11,250 [ERROR] in scala-execution-context-global-39 - 	at com.jpro.meta.tk.SceneInputListener.processInput(SceneInputListener.scala:116)
2021-01-13 20:17:11,250 [ERROR] in scala-execution-context-global-71 - 	at com.jpro.meta.tk.SceneInputListener.processInputs(SceneInputListener.scala:101)
2021-01-13 20:17:11,251 [ERROR] in scala-execution-context-global-71 - 	at com.jpro.meta.tk.SceneInputListener.$anonfun$new$4(SceneInputListener.scala:42)
2021-01-13 20:17:11,251 [ERROR] in scala-execution-context-global-71 - 	at simplefx.cores.standard.parts.CoreTimeEvent.$anonfun$runAsAnimation$1(CoreTimeEvent.scala:64)
2021-01-13 20:17:11,251 [ERROR] in scala-execution-context-global-52 - 	at simplefx.cores.standard.parts.CoreTimeEvent$$anon$2.handle(CoreTimeEvent.scala:46)
2021-01-13 20:17:11,251 [ERROR] in scala-execution-context-global-52 - 	at javafx.animation.AnimationTimer$AnimationTimerReceiver.lambda$handle$0(AnimationTimer.java:57)
2021-01-13 20:17:11,251 [ERROR] in scala-execution-context-global-52 - 	at java.base/java.security.AccessController.doPrivileged(AccessController.java:391)
2021-01-13 20:17:11,251 [ERROR] in scala-execution-context-global-52 - 	at javafx.animation.AnimationTimer$AnimationTimerReceiver.handle(AnimationTimer.java:56)
2021-01-13 20:17:11,251 [ERROR] in scala-execution-context-global-52 - 	at com.sun.scenario.animation.AbstractMasterTimer.timePulseImpl(AbstractMasterTimer.java:357)
2021-01-13 20:17:11,251 [ERROR] in scala-execution-context-global-71 - 	at com.sun.scenario.animation.AbstractMasterTimer$MainLoop.run(AbstractMasterTimer.java:267)
2021-01-13 20:17:11,251 [ERROR] in scala-execution-context-global-71 - 	at com.sun.javafx.tk.quantum.QuantumToolkit.pulse(QuantumToolkit.java:569)
2021-01-13 20:17:11,251 [ERROR] in scala-execution-context-global-71 - 	at com.sun.javafx.tk.quantum.QuantumToolkit.pulse(QuantumToolkit.java:553)
2021-01-13 20:17:11,252 [ERROR] in scala-execution-context-global-71 - 	at com.sun.javafx.tk.quantum.QuantumToolkit.pulseFromQueue(QuantumToolkit.java:546)
2021-01-13 20:17:11,252 [ERROR] in scala-execution-context-global-71 - 	at com.sun.javafx.tk.quantum.QuantumToolkit.lambda$runToolkit$12(QuantumToolkit.java:348)
2021-01-13 20:17:11,252 [ERROR] in scala-execution-context-global-71 - 	at com.sun.glass.ui.monocle.RunnableProcessor.runLoop(RunnableProcessor.java:92)
2021-01-13 20:17:11,252 [ERROR] in scala-execution-context-global-71 - 	at com.sun.glass.ui.monocle.RunnableProcessor.run(RunnableProcessor.java:51)
2021-01-13 20:17:11,252 [ERROR] in scala-execution-context-global-71 - 	at java.base/java.lang.Thread.run(Thread.java:832)
2021-01-13 20:17:11,596 [INFO] in scala-execution-context-global-39 - [info] com.jpro.JS - received msg: new MainID: 22417 userid: 1897875826
2021-01-13 20:17:14,569 [INFO] in scala-execution-context-global-39 - [warn] c.j.m.t.SceneInputListener - Unknown Keycode: 189
2021-01-13 20:17:14,619 [INFO] in scala-execution-context-global-39 - [warn] c.j.m.t.SceneInputListener - Unknown Keycode: 189
2021-01-13 20:21:23,433 [INFO] in scala-execution-context-global-39 - [info] c.j.i.s.Initializer$ - redirected OUT / ERR
2021-01-13 20:21:23,434 [INFO] in scala-execution-context-global-39 - [info] c.j.i.s.Initializer$ - installed SLF4JBridge
2021-01-13 20:21:23,434 [INFO] in scala-execution-context-global-39 - [info] c.j.i.s.MonocleInitializer$ - screen: null
2021-01-13 20:21:23,434 [INFO] in scala-execution-context-global-39 - [info] c.j.i.s.Initializer$ - finished init!
2021-01-13 20:21:23,435 [INFO] in scala-execution-context-global-39 - [info] c.j.i.s.Initializer$ - JavaFX version: 15.0.0.2-jpro+0-2020-09-30-150835
2021-01-13 20:21:23,905 [INFO] in scala-execution-context-global-39 - [info] c.j.i.c.m.ChartJSONImExporter - Imported chart data Wed Jan 13 20:21:23 EET 2021
2021-01-13 20:21:23,909 [INFO] in scala-execution-context-global-39 - [info] c.j.i.c.m.DynamicDataModel - Started Monitoring chart data...
2021-01-13 20:21:25,787 [INFO] in scala-execution-context-global-39 - [info] c.jpro - application requested: 0!default
2021-01-13 20:21:25,808 [INFO] in scala-execution-context-global-39 - [info] c.jpro - Creating Application: 0!default
2021-01-13 20:21:25,814 [INFO] in scala-execution-context-global-39 - [info] c.jpro - remoteAddress 0:0:0:0:0:0:0:1
2021-01-13 20:21:25,815 [INFO] in scala-execution-context-global-52 - [info] c.jpro - host          localhost:8080
2021-01-13 20:21:25,815 [INFO] in scala-execution-context-global-52 - [info] c.jpro - uri           /app/0!default
2021-01-13 20:21:26,638 [INFO] in scala-execution-context-global-52 - [info] c.j.i.s.ViewSerializerActor - appdef: AppByMain(default,sample.Main,None,NamedClassLoader(system),false) clientinfo: ClientInfo(http://localhost:8080/,http://localhost:8080/app/default,1536.0,754.0,false,en-US,List(en-US, en, ro, ru),,Map(),Map(Host -> List(localhost:8080), Origin -> List(http://localhost:8080), Pragma -> List(no-cache), Upgrade -> List(websocket), Connection -> List(Upgrade), User-Agent -> List(Mozilla/5.0 (Windows NT 10.0; Win64; x64) AppleWebKit/537.36 (KHTML, like Gecko) Chrome/87.0.4280.141 Safari/537.36), Cache-Control -> List(no-cache), Remote-Address -> List(0:0:0:0:0:0:0:1:50987), Timeout-Access -> List(<function1>), Accept-Encoding -> List(gzip, deflate, br), Accept-Language -> List(en-US,en;q=0.9,ro;q=0.8,ru;q=0.7), Raw-Request-URI -> List(/app/0!default), Tls-Session-Info -> List(Session(1610562081354|SSL_NULL_WITH_NULL_NULL)), Sec-WebSocket-Key -> List(zDYPPGfbcjQ3Mq89HdvHHg==), UpgradeToWebSocket -> List(), Sec-WebSocket-Version -> List(13), Sec-WebSocket-Extensions -> List(permessage-deflate; client_max_window_bits)))out: Actor[akka://application/system/Materializers/StreamSupervisor-0/$$f-actorRefSource#-288332437]
2021-01-13 20:21:30,960 [INFO] in scala-execution-context-global-39 - [info] com.jpro.JS - received msg: new MainID: 4846 userid: 2087923238
2021-01-13 20:21:49,229 [INFO] in scala-execution-context-global-39 - [error] c.j.m.t.SceneInputListener - Error while processing the input: MouseEventToken(MouseMoved,1213.5999755859375,711.6000366210938,MouseButtonToken(2),false,false,false,false,false,false,false,false) app: window: null
2021-01-13 20:21:49,230 [INFO] in scala-execution-context-global-39 - java.lang.NullPointerException: Cannot invoke "Object.getClass()" because the return value of "simplefx.util.ReflectionUtil$UseReflection.ref()" is null
2021-01-13 20:21:49,231 [INFO] in scala-execution-context-global-39 - 	at simplefx.util.ReflectionUtil$UseReflection.applyDynamic(ReflectionUtil.scala:18)
2021-01-13 20:21:49,231 [INFO] in scala-execution-context-global-39 - 	at com.jpro.meta.tk.UtilSceneTKListener$ExtendView.view(UtilSceneTKListener.scala:24)
2021-01-13 20:21:49,231 [INFO] in scala-execution-context-global-39 - 	at com.jpro.meta.tk.UtilSceneTKListener$ExtendView.isMonocle(UtilSceneTKListener.scala:25)
2021-01-13 20:21:49,231 [INFO] in scala-execution-context-global-39 - 	at com.jpro.meta.tk.SceneInputListener.processInputInScene(SceneInputListener.scala:144)
2021-01-13 20:21:49,232 [INFO] in scala-execution-context-global-39 - 	at com.jpro.meta.tk.SceneInputListener.processInput(SceneInputListener.scala:132)
2021-01-13 20:21:49,232 [INFO] in scala-execution-context-global-39 - 	at com.jpro.meta.tk.SceneInputListener.processInputs(SceneInputListener.scala:101)
2021-01-13 20:21:49,232 [INFO] in scala-execution-context-global-39 - 	at com.jpro.meta.tk.SceneInputListener.$anonfun$new$4(SceneInputListener.scala:42)
2021-01-13 20:21:49,232 [INFO] in scala-execution-context-global-39 - 	at simplefx.cores.standard.parts.CoreTimeEvent.$anonfun$runAsAnimation$1(CoreTimeEvent.scala:64)
2021-01-13 20:21:49,233 [INFO] in scala-execution-context-global-39 - 	at simplefx.cores.standard.parts.CoreTimeEvent$$anon$2.handle(CoreTimeEvent.scala:46)
2021-01-13 20:21:49,233 [INFO] in scala-execution-context-global-39 - 	at javafx.animation.AnimationTimer$AnimationTimerReceiver.lambda$handle$0(AnimationTimer.java:57)
2021-01-13 20:21:49,277 [INFO] in scala-execution-context-global-39 - [info] com.jpro.JS - received msg: new MainID: 5979 userid: 2087923238
2021-01-13 20:21:57,421 [INFO] in scala-execution-context-global-52 - [warn] c.j.m.t.SceneInputListener - Unknown Keycode: 190
2021-01-13 20:21:57,485 [INFO] in scala-execution-context-global-52 - [warn] c.j.m.t.SceneInputListener - Unknown Keycode: 190
2021-01-13 20:22:15,134 [INFO] in scala-execution-context-global-52 - [info] com.jpro.JS - received msg: new MainID: 6312 userid: 2087923238
2021-01-13 20:22:20,852 [INFO] in scala-execution-context-global-52 - [error] c.j.m.t.SceneInputListener - Error while processing the input: MouseEventToken(MouseMoved,943.2000122070312,432.3999938964844,MouseButtonToken(2),false,false,false,false,false,false,false,false) app: window: null
2021-01-13 20:22:20,853 [INFO] in scala-execution-context-global-52 - java.lang.NullPointerException: Cannot invoke "Object.getClass()" because the return value of "simplefx.util.ReflectionUtil$UseReflection.ref()" is null
2021-01-13 20:22:20,853 [INFO] in scala-execution-context-global-52 - 	at simplefx.util.ReflectionUtil$UseReflection.applyDynamic(ReflectionUtil.scala:18)
2021-01-13 20:22:20,853 [INFO] in scala-execution-context-global-52 - 	at com.jpro.meta.tk.UtilSceneTKListener$ExtendView.view(UtilSceneTKListener.scala:24)
2021-01-13 20:22:20,854 [INFO] in scala-execution-context-global-52 - 	at com.jpro.meta.tk.UtilSceneTKListener$ExtendView.isMonocle(UtilSceneTKListener.scala:25)
2021-01-13 20:22:20,854 [INFO] in scala-execution-context-global-52 - 	at com.jpro.meta.tk.SceneInputListener.processInputInScene(SceneInputListener.scala:144)
2021-01-13 20:22:20,854 [INFO] in scala-execution-context-global-52 - 	at com.jpro.meta.tk.SceneInputListener.processInput(SceneInputListener.scala:132)
2021-01-13 20:22:20,855 [INFO] in scala-execution-context-global-52 - 	at com.jpro.meta.tk.SceneInputListener.processInputs(SceneInputListener.scala:101)
2021-01-13 20:22:20,855 [INFO] in scala-execution-context-global-52 - 	at com.jpro.meta.tk.SceneInputListener.$anonfun$new$4(SceneInputListener.scala:42)
2021-01-13 20:22:20,855 [INFO] in scala-execution-context-global-52 - 	at simplefx.cores.standard.parts.CoreTimeEvent.$anonfun$runAsAnimation$1(CoreTimeEvent.scala:64)
2021-01-13 20:22:20,855 [INFO] in scala-execution-context-global-52 - 	at simplefx.cores.standard.parts.CoreTimeEvent$$anon$2.handle(CoreTimeEvent.scala:46)
2021-01-13 20:22:20,855 [INFO] in scala-execution-context-global-52 - 	at javafx.animation.AnimationTimer$AnimationTimerReceiver.lambda$handle$0(AnimationTimer.java:57)
2021-01-13 20:22:20,925 [INFO] in scala-execution-context-global-52 - [info] com.jpro.JS - received msg: new MainID: 7547 userid: 2087923238
2021-01-13 20:22:29,966 [INFO] in scala-execution-context-global-39 - [info] c.j.m.s.Util$ - 
2021-01-13 20:22:30,093 [INFO] in scala-execution-context-global-52 - [info] com.jpro.JS - received msg: new MainID: 11647 userid: 2087923238
2021-01-13 20:22:36,301 [INFO] in scala-execution-context-global-52 - [info] com.jpro.JS - received msg: new MainID: 18020 userid: 2087923238
2021-01-13 20:22:49,213 [INFO] in scala-execution-context-global-52 - [info] com.jpro.JS - received msg: new MainID: 22339 userid: 2087923238
2021-01-13 20:22:59,486 [INFO] in scala-execution-context-global-52 - [warn] c.j.m.t.SceneInputListener - Unknown Keycode: 186
2021-01-13 20:22:59,550 [INFO] in scala-execution-context-global-52 - [warn] c.j.m.t.SceneInputListener - Unknown Keycode: 186
2021-01-13 20:23:00,703 [INFO] in scala-execution-context-global-52 - [warn] c.j.m.t.SceneInputListener - Unknown Keycode: 190
2021-01-13 20:23:00,782 [INFO] in scala-execution-context-global-52 - [warn] c.j.m.t.SceneInputListener - Unknown Keycode: 190
2021-01-13 20:30:43,022 [INFO] in scala-execution-context-global-52 - [info] com.jpro.JS - received msg: new MainID: 22670 userid: 2087923238
2021-01-13 20:30:44,429 [INFO] in scala-execution-context-global-52 - [info] com.jpro.JS - received msg: new MainID: 23905 userid: 2087923238
2021-01-13 20:30:57,534 [INFO] in scala-execution-context-global-52 - [error] c.j.m.t.SceneInputListener - Error while processing the input: MouseEventToken(MouseMoved,697.6000366210938,607.6000366210938,MouseButtonToken(2),false,false,false,false,false,false,false,false) app: window: null
2021-01-13 20:30:57,535 [INFO] in scala-execution-context-global-52 - java.lang.NullPointerException: Cannot invoke "Object.getClass()" because the return value of "simplefx.util.ReflectionUtil$UseReflection.ref()" is null
2021-01-13 20:30:57,536 [INFO] in scala-execution-context-global-52 - 	at simplefx.util.ReflectionUtil$UseReflection.applyDynamic(ReflectionUtil.scala:18)
2021-01-13 20:30:57,536 [INFO] in scala-execution-context-global-52 - 	at com.jpro.meta.tk.UtilSceneTKListener$ExtendView.view(UtilSceneTKListener.scala:24)
2021-01-13 20:30:57,536 [INFO] in scala-execution-context-global-52 - 	at com.jpro.meta.tk.UtilSceneTKListener$ExtendView.isMonocle(UtilSceneTKListener.scala:25)
2021-01-13 20:30:57,536 [INFO] in scala-execution-context-global-52 - 	at com.jpro.meta.tk.SceneInputListener.processInputInScene(SceneInputListener.scala:144)
2021-01-13 20:30:57,536 [INFO] in scala-execution-context-global-52 - 	at com.jpro.meta.tk.SceneInputListener.processInput(SceneInputListener.scala:132)
2021-01-13 20:30:57,537 [INFO] in scala-execution-context-global-52 - 	at com.jpro.meta.tk.SceneInputListener.processInputs(SceneInputListener.scala:101)
2021-01-13 20:30:57,537 [INFO] in scala-execution-context-global-52 - 	at com.jpro.meta.tk.SceneInputListener.$anonfun$new$4(SceneInputListener.scala:42)
2021-01-13 20:30:57,537 [INFO] in scala-execution-context-global-52 - 	at simplefx.cores.standard.parts.CoreTimeEvent.$anonfun$runAsAnimation$1(CoreTimeEvent.scala:64)
2021-01-13 20:30:57,537 [INFO] in scala-execution-context-global-52 - 	at simplefx.cores.standard.parts.CoreTimeEvent$$anon$2.handle(CoreTimeEvent.scala:46)
2021-01-13 20:30:57,538 [INFO] in scala-execution-context-global-52 - 	at javafx.animation.AnimationTimer$AnimationTimerReceiver.lambda$handle$0(AnimationTimer.java:57)
2021-01-13 20:30:57,549 [INFO] in scala-execution-context-global-39 - [info] c.j.m.s.Util$ - 
2021-01-13 20:30:57,597 [INFO] in scala-execution-context-global-52 - [info] com.jpro.JS - received msg: new MainID: 27943 userid: 2087923238
2021-01-13 20:31:02,669 [INFO] in scala-execution-context-global-39 - [info] com.jpro.JS - received msg: new MainID: 34260 userid: 2087923238
2021-01-13 20:31:12,770 [INFO] in scala-execution-context-global-39 - [error] c.j.m.t.SceneInputListener - Error while processing the input: MouseEventToken(MouseMoved,1422.4000244140625,679.6000366210938,MouseButtonToken(2),false,false,false,false,false,false,false,false) app: window: null
2021-01-13 20:31:12,770 [INFO] in scala-execution-context-global-39 - java.lang.NullPointerException: Cannot invoke "Object.getClass()" because the return value of "simplefx.util.ReflectionUtil$UseReflection.ref()" is null
2021-01-13 20:31:12,771 [INFO] in scala-execution-context-global-39 - 	at simplefx.util.ReflectionUtil$UseReflection.applyDynamic(ReflectionUtil.scala:18)
2021-01-13 20:31:12,771 [INFO] in scala-execution-context-global-39 - 	at com.jpro.meta.tk.UtilSceneTKListener$ExtendView.view(UtilSceneTKListener.scala:24)
2021-01-13 20:31:12,771 [INFO] in scala-execution-context-global-39 - 	at com.jpro.meta.tk.UtilSceneTKListener$ExtendView.isMonocle(UtilSceneTKListener.scala:25)
2021-01-13 20:31:12,771 [INFO] in scala-execution-context-global-39 - 	at com.jpro.meta.tk.SceneInputListener.processInputInScene(SceneInputListener.scala:144)
2021-01-13 20:31:12,771 [INFO] in scala-execution-context-global-39 - 	at com.jpro.meta.tk.SceneInputListener.processInput(SceneInputListener.scala:132)
2021-01-13 20:31:12,772 [INFO] in scala-execution-context-global-39 - 	at com.jpro.meta.tk.SceneInputListener.processInputs(SceneInputListener.scala:101)
2021-01-13 20:31:12,772 [INFO] in scala-execution-context-global-39 - 	at com.jpro.meta.tk.SceneInputListener.$anonfun$new$4(SceneInputListener.scala:42)
2021-01-13 20:31:12,772 [INFO] in scala-execution-context-global-39 - 	at simplefx.cores.standard.parts.CoreTimeEvent.$anonfun$runAsAnimation$1(CoreTimeEvent.scala:64)
2021-01-13 20:31:12,772 [INFO] in scala-execution-context-global-39 - 	at simplefx.cores.standard.parts.CoreTimeEvent$$anon$2.handle(CoreTimeEvent.scala:46)
2021-01-13 20:31:12,772 [INFO] in scala-execution-context-global-52 - 	at javafx.animation.AnimationTimer$AnimationTimerReceiver.lambda$handle$0(AnimationTimer.java:57)
2021-01-13 20:31:12,830 [INFO] in scala-execution-context-global-79 - [info] com.jpro.JS - received msg: new MainID: 38579 userid: 2087923238
2021-01-13 20:31:20,205 [INFO] in scala-execution-context-global-79 - [warn] c.j.m.t.SceneInputListener - Unknown Keycode: 190
2021-01-13 20:31:20,285 [INFO] in scala-execution-context-global-79 - [warn] c.j.m.t.SceneInputListener - Unknown Keycode: 190
2021-01-13 20:31:23,037 [INFO] in scala-execution-context-global-79 - [info] com.jpro.JS - received msg: new MainID: 38902 userid: 2087923238
2021-01-13 20:31:24,221 [INFO] in scala-execution-context-global-79 - [info] com.jpro.JS - received msg: new MainID: 42286 userid: 2087923238
